Analysis & Synthesis report for exp7_1
Thu Oct 15 15:36:52 2020
Quartus Prime Version 17.1.0 Build 590 10/25/2017 SJ Lite Edition


---------------------
; Table of Contents ;
---------------------
  1. Legal Notice
  2. Analysis & Synthesis Summary
  3. Analysis & Synthesis Settings
  4. Parallel Compilation
  5. Analysis & Synthesis Source Files Read
  6. Analysis & Synthesis Resource Usage Summary
  7. Analysis & Synthesis Resource Utilization by Entity
  8. Analysis & Synthesis RAM Summary
  9. Analysis & Synthesis IP Cores Summary
 10. General Register Statistics
 11. Registers Packed Into Inferred Megafunctions
 12. Source assignments for ram2port:my_ram2|altsyncram:altsyncram_component|altsyncram_acv1:auto_generated
 13. Source assignments for ram1:my_ram1|altsyncram:ram_rtl_0|altsyncram_5rt1:auto_generated
 14. Parameter Settings for User Entity Instance: ram2port:my_ram2|altsyncram:altsyncram_component
 15. Parameter Settings for Inferred Entity Instance: ram1:my_ram1|altsyncram:ram_rtl_0
 16. altsyncram Parameter Settings by Entity Instance
 17. Post-Synthesis Netlist Statistics for Top Partition
 18. Elapsed Time Per Partition
 19. Analysis & Synthesis Messages



----------------
; Legal Notice ;
----------------
Copyright (C) 2017  Intel Corporation. All rights reserved.
Your use of Intel Corporation's design tools, logic functions 
and other software and tools, and its AMPP partner logic 
functions, and any output files from any of the foregoing 
(including device programming or simulation files), and any 
associated documentation or information are expressly subject 
to the terms and conditions of the Intel Program License 
Subscription Agreement, the Intel Quartus Prime License Agreement,
the Intel FPGA IP License Agreement, or other applicable license
agreement, including, without limitation, that your use is for
the sole purpose of programming logic devices manufactured by
Intel and sold by Intel or its authorized distributors.  Please
refer to the applicable agreement for further details.



+-------------------------------------------------------------------------------+
; Analysis & Synthesis Summary                                                  ;
+---------------------------------+---------------------------------------------+
; Analysis & Synthesis Status     ; Successful - Thu Oct 15 15:36:52 2020       ;
; Quartus Prime Version           ; 17.1.0 Build 590 10/25/2017 SJ Lite Edition ;
; Revision Name                   ; exp7_1                                      ;
; Top-level Entity Name           ; exp7_1                                      ;
; Family                          ; Cyclone V                                   ;
; Logic utilization (in ALMs)     ; N/A                                         ;
; Total registers                 ; 0                                           ;
; Total pins                      ; 34                                          ;
; Total virtual pins              ; 0                                           ;
; Total block memory bits         ; 256                                         ;
; Total DSP Blocks                ; 0                                           ;
; Total HSSI RX PCSs              ; 0                                           ;
; Total HSSI PMA RX Deserializers ; 0                                           ;
; Total HSSI TX PCSs              ; 0                                           ;
; Total HSSI PMA TX Serializers   ; 0                                           ;
; Total PLLs                      ; 0                                           ;
; Total DLLs                      ; 0                                           ;
+---------------------------------+---------------------------------------------+


+---------------------------------------------------------------------------------------------------------------------------+
; Analysis & Synthesis Settings                                                                                             ;
+---------------------------------------------------------------------------------+--------------------+--------------------+
; Option                                                                          ; Setting            ; Default Value      ;
+---------------------------------------------------------------------------------+--------------------+--------------------+
; Device                                                                          ; 5CSXFC6D6F31C6     ;                    ;
; Top-level entity name                                                           ; exp7_1             ; exp7_1             ;
; Family name                                                                     ; Cyclone V          ; Cyclone V          ;
; Use smart compilation                                                           ; Off                ; Off                ;
; Enable parallel Assembler and TimeQuest Timing Analyzer during compilation      ; On                 ; On                 ;
; Enable compact report table                                                     ; Off                ; Off                ;
; Restructure Multiplexers                                                        ; Auto               ; Auto               ;
; MLAB Add Timing Constraints For Mixed-Port Feed-Through Mode Setting Don't Care ; Off                ; Off                ;
; Create Debugging Nodes for IP Cores                                             ; Off                ; Off                ;
; Preserve fewer node names                                                       ; On                 ; On                 ;
; Intel FPGA IP Evaluation Mode                                                   ; Enable             ; Enable             ;
; Verilog Version                                                                 ; Verilog_2001       ; Verilog_2001       ;
; VHDL Version                                                                    ; VHDL_1993          ; VHDL_1993          ;
; State Machine Processing                                                        ; Auto               ; Auto               ;
; Safe State Machine                                                              ; Off                ; Off                ;
; Extract Verilog State Machines                                                  ; On                 ; On                 ;
; Extract VHDL State Machines                                                     ; On                 ; On                 ;
; Ignore Verilog initial constructs                                               ; Off                ; Off                ;
; Iteration limit for constant Verilog loops                                      ; 5000               ; 5000               ;
; Iteration limit for non-constant Verilog loops                                  ; 250                ; 250                ;
; Add Pass-Through Logic to Inferred RAMs                                         ; On                 ; On                 ;
; Infer RAMs from Raw Logic                                                       ; On                 ; On                 ;
; Parallel Synthesis                                                              ; On                 ; On                 ;
; DSP Block Balancing                                                             ; Auto               ; Auto               ;
; NOT Gate Push-Back                                                              ; On                 ; On                 ;
; Power-Up Don't Care                                                             ; On                 ; On                 ;
; Remove Redundant Logic Cells                                                    ; Off                ; Off                ;
; Remove Duplicate Registers                                                      ; On                 ; On                 ;
; Ignore CARRY Buffers                                                            ; Off                ; Off                ;
; Ignore CASCADE Buffers                                                          ; Off                ; Off                ;
; Ignore GLOBAL Buffers                                                           ; Off                ; Off                ;
; Ignore ROW GLOBAL Buffers                                                       ; Off                ; Off                ;
; Ignore LCELL Buffers                                                            ; Off                ; Off                ;
; Ignore SOFT Buffers                                                             ; On                 ; On                 ;
; Limit AHDL Integers to 32 Bits                                                  ; Off                ; Off                ;
; Optimization Technique                                                          ; Balanced           ; Balanced           ;
; Carry Chain Length                                                              ; 70                 ; 70                 ;
; Auto Carry Chains                                                               ; On                 ; On                 ;
; Auto Open-Drain Pins                                                            ; On                 ; On                 ;
; Perform WYSIWYG Primitive Resynthesis                                           ; Off                ; Off                ;
; Auto ROM Replacement                                                            ; On                 ; On                 ;
; Auto RAM Replacement                                                            ; On                 ; On                 ;
; Auto DSP Block Replacement                                                      ; On                 ; On                 ;
; Auto Shift Register Replacement                                                 ; Auto               ; Auto               ;
; Allow Shift Register Merging across Hierarchies                                 ; Auto               ; Auto               ;
; Auto Clock Enable Replacement                                                   ; On                 ; On                 ;
; Strict RAM Replacement                                                          ; Off                ; Off                ;
; Allow Synchronous Control Signals                                               ; On                 ; On                 ;
; Force Use of Synchronous Clear Signals                                          ; Off                ; Off                ;
; Auto Resource Sharing                                                           ; Off                ; Off                ;
; Allow Any RAM Size For Recognition                                              ; Off                ; Off                ;
; Allow Any ROM Size For Recognition                                              ; Off                ; Off                ;
; Allow Any Shift Register Size For Recognition                                   ; Off                ; Off                ;
; Use LogicLock Constraints during Resource Balancing                             ; On                 ; On                 ;
; Ignore translate_off and synthesis_off directives                               ; Off                ; Off                ;
; Timing-Driven Synthesis                                                         ; On                 ; On                 ;
; Report Parameter Settings                                                       ; On                 ; On                 ;
; Report Source Assignments                                                       ; On                 ; On                 ;
; Report Connectivity Checks                                                      ; On                 ; On                 ;
; Ignore Maximum Fan-Out Assignments                                              ; Off                ; Off                ;
; Synchronization Register Chain Length                                           ; 3                  ; 3                  ;
; Power Optimization During Synthesis                                             ; Normal compilation ; Normal compilation ;
; HDL message level                                                               ; Level2             ; Level2             ;
; Suppress Register Optimization Related Messages                                 ; Off                ; Off                ;
; Number of Removed Registers Reported in Synthesis Report                        ; 5000               ; 5000               ;
; Number of Swept Nodes Reported in Synthesis Report                              ; 5000               ; 5000               ;
; Number of Inverted Registers Reported in Synthesis Report                       ; 100                ; 100                ;
; Clock MUX Protection                                                            ; On                 ; On                 ;
; Auto Gated Clock Conversion                                                     ; Off                ; Off                ;
; Block Design Naming                                                             ; Auto               ; Auto               ;
; SDC constraint protection                                                       ; Off                ; Off                ;
; Synthesis Effort                                                                ; Auto               ; Auto               ;
; Shift Register Replacement - Allow Asynchronous Clear Signal                    ; On                 ; On                 ;
; Pre-Mapping Resynthesis Optimization                                            ; Off                ; Off                ;
; Analysis & Synthesis Message Level                                              ; Medium             ; Medium             ;
; Disable Register Merging Across Hierarchies                                     ; Auto               ; Auto               ;
; Resource Aware Inference For Block RAM                                          ; On                 ; On                 ;
; Automatic Parallel Synthesis                                                    ; On                 ; On                 ;
; Partial Reconfiguration Bitstream ID                                            ; Off                ; Off                ;
+---------------------------------------------------------------------------------+--------------------+--------------------+


+------------------------------------------+
; Parallel Compilation                     ;
+----------------------------+-------------+
; Processors                 ; Number      ;
+----------------------------+-------------+
; Number detected on machine ; 8           ;
; Maximum allowed            ; 4           ;
;                            ;             ;
; Average used               ; 1.00        ;
; Maximum used               ; 1           ;
;                            ;             ;
; Usage by Processor         ; % Time Used ;
;     Processor 1            ; 100.0%      ;
+----------------------------+-------------+


+------------------------------------------------------------------------------------------------------------------------------------------------------------------------------------------------------------+
; Analysis & Synthesis Source Files Read                                                                                                                                                                     ;
+------------------------------------+-----------------+-------------------------------------------------------+-----------------------------------------------------------------------------------+---------+
; File Name with User-Entered Path   ; Used in Netlist ; File Type                                             ; File Name with Absolute Path                                                      ; Library ;
+------------------------------------+-----------------+-------------------------------------------------------+-----------------------------------------------------------------------------------+---------+
; exp7_1.v                           ; yes             ; User Verilog HDL File                                 ; C:/Users/44254/Desktop/digit_design_exp/exp7_1/exp7_1.v                           ;         ;
; ram1.v                             ; yes             ; User Verilog HDL File                                 ; C:/Users/44254/Desktop/digit_design_exp/exp7_1/ram1.v                             ;         ;
; ram2.mif                           ; yes             ; User Memory Initialization File                       ; C:/Users/44254/Desktop/digit_design_exp/exp7_1/ram2.mif                           ;         ;
; ram2port.v                         ; yes             ; User Wizard-Generated File                            ; C:/Users/44254/Desktop/digit_design_exp/exp7_1/ram2port.v                         ;         ;
; meml.txt                           ; yes             ; Auto-Found File                                       ; C:/Users/44254/Desktop/digit_design_exp/exp7_1/meml.txt                           ;         ;
; altsyncram.tdf                     ; yes             ; Megafunction                                          ; c:/intelfpga_lite/17.1/quartus/libraries/megafunctions/altsyncram.tdf             ;         ;
; stratix_ram_block.inc              ; yes             ; Megafunction                                          ; c:/intelfpga_lite/17.1/quartus/libraries/megafunctions/stratix_ram_block.inc      ;         ;
; lpm_mux.inc                        ; yes             ; Megafunction                                          ; c:/intelfpga_lite/17.1/quartus/libraries/megafunctions/lpm_mux.inc                ;         ;
; lpm_decode.inc                     ; yes             ; Megafunction                                          ; c:/intelfpga_lite/17.1/quartus/libraries/megafunctions/lpm_decode.inc             ;         ;
; aglobal171.inc                     ; yes             ; Megafunction                                          ; c:/intelfpga_lite/17.1/quartus/libraries/megafunctions/aglobal171.inc             ;         ;
; a_rdenreg.inc                      ; yes             ; Megafunction                                          ; c:/intelfpga_lite/17.1/quartus/libraries/megafunctions/a_rdenreg.inc              ;         ;
; altrom.inc                         ; yes             ; Megafunction                                          ; c:/intelfpga_lite/17.1/quartus/libraries/megafunctions/altrom.inc                 ;         ;
; altram.inc                         ; yes             ; Megafunction                                          ; c:/intelfpga_lite/17.1/quartus/libraries/megafunctions/altram.inc                 ;         ;
; altdpram.inc                       ; yes             ; Megafunction                                          ; c:/intelfpga_lite/17.1/quartus/libraries/megafunctions/altdpram.inc               ;         ;
; db/altsyncram_acv1.tdf             ; yes             ; Auto-Generated Megafunction                           ; C:/Users/44254/Desktop/digit_design_exp/exp7_1/db/altsyncram_acv1.tdf             ;         ;
; db/altsyncram_5rt1.tdf             ; yes             ; Auto-Generated Megafunction                           ; C:/Users/44254/Desktop/digit_design_exp/exp7_1/db/altsyncram_5rt1.tdf             ;         ;
; db/exp7_1.ram0_ram1_3b5e8b.hdl.mif ; yes             ; Auto-Generated Auto-Found Memory Initialization File  ; C:/Users/44254/Desktop/digit_design_exp/exp7_1/db/exp7_1.ram0_ram1_3b5e8b.hdl.mif ;         ;
+------------------------------------+-----------------+-------------------------------------------------------+-----------------------------------------------------------------------------------+---------+


+--------------------------------------------------------+
; Analysis & Synthesis Resource Usage Summary            ;
+---------------------------------------------+----------+
; Resource                                    ; Usage    ;
+---------------------------------------------+----------+
; Estimate of Logic utilization (ALMs needed) ; 0        ;
;                                             ;          ;
; Combinational ALUT usage for logic          ; 0        ;
;     -- 7 input functions                    ; 0        ;
;     -- 6 input functions                    ; 0        ;
;     -- 5 input functions                    ; 0        ;
;     -- 4 input functions                    ; 0        ;
;     -- <=3 input functions                  ; 0        ;
;                                             ;          ;
; Dedicated logic registers                   ; 0        ;
;                                             ;          ;
; I/O pins                                    ; 34       ;
; Total MLAB memory bits                      ; 0        ;
; Total block memory bits                     ; 256      ;
;                                             ;          ;
; Total DSP Blocks                            ; 0        ;
;                                             ;          ;
; Maximum fan-out node                        ; we~input ;
; Maximum fan-out                             ; 16       ;
; Total fan-out                               ; 226      ;
; Average fan-out                             ; 2.69     ;
+---------------------------------------------+----------+


+-------------------------------------------------------------------------------------------------------------------------------------------------------------------------------------------------------------------------------------------------------------------------------+
; Analysis & Synthesis Resource Utilization by Entity                                                                                                                                                                                                                           ;
+-------------------------------------------+---------------------+---------------------------+-------------------+------------+------+--------------+-----------------------------------------------------------------------------------------+-----------------+--------------+
; Compilation Hierarchy Node                ; Combinational ALUTs ; Dedicated Logic Registers ; Block Memory Bits ; DSP Blocks ; Pins ; Virtual Pins ; Full Hierarchy Name                                                                     ; Entity Name     ; Library Name ;
+-------------------------------------------+---------------------+---------------------------+-------------------+------------+------+--------------+-----------------------------------------------------------------------------------------+-----------------+--------------+
; |exp7_1                                   ; 0 (0)               ; 0 (0)                     ; 256               ; 0          ; 34   ; 0            ; |exp7_1                                                                                 ; exp7_1          ; work         ;
;    |ram1:my_ram1|                         ; 0 (0)               ; 0 (0)                     ; 128               ; 0          ; 0    ; 0            ; |exp7_1|ram1:my_ram1                                                                    ; ram1            ; work         ;
;       |altsyncram:ram_rtl_0|              ; 0 (0)               ; 0 (0)                     ; 128               ; 0          ; 0    ; 0            ; |exp7_1|ram1:my_ram1|altsyncram:ram_rtl_0                                               ; altsyncram      ; work         ;
;          |altsyncram_5rt1:auto_generated| ; 0 (0)               ; 0 (0)                     ; 128               ; 0          ; 0    ; 0            ; |exp7_1|ram1:my_ram1|altsyncram:ram_rtl_0|altsyncram_5rt1:auto_generated                ; altsyncram_5rt1 ; work         ;
;    |ram2port:my_ram2|                     ; 0 (0)               ; 0 (0)                     ; 128               ; 0          ; 0    ; 0            ; |exp7_1|ram2port:my_ram2                                                                ; ram2port        ; work         ;
;       |altsyncram:altsyncram_component|   ; 0 (0)               ; 0 (0)                     ; 128               ; 0          ; 0    ; 0            ; |exp7_1|ram2port:my_ram2|altsyncram:altsyncram_component                                ; altsyncram      ; work         ;
;          |altsyncram_acv1:auto_generated| ; 0 (0)               ; 0 (0)                     ; 128               ; 0          ; 0    ; 0            ; |exp7_1|ram2port:my_ram2|altsyncram:altsyncram_component|altsyncram_acv1:auto_generated ; altsyncram_acv1 ; work         ;
+-------------------------------------------+---------------------+---------------------------+-------------------+------------+------+--------------+-----------------------------------------------------------------------------------------+-----------------+--------------+
Note: For table entries with two numbers listed, the numbers in parentheses indicate the number of resources of the given type used by the specific entity alone. The numbers listed outside of parentheses indicate the total resources of the given type used by the specific entity and all of its sub-entities in the hierarchy.


+------------------------------------------------------------------------------------------------------------------------------------------------------------------------------------------------------------------------------+
; Analysis & Synthesis RAM Summary                                                                                                                                                                                             ;
+--------------------------------------------------------------------------------------------+------+------------------+--------------+--------------+--------------+--------------+------+------------------------------------+
; Name                                                                                       ; Type ; Mode             ; Port A Depth ; Port A Width ; Port B Depth ; Port B Width ; Size ; MIF                                ;
+--------------------------------------------------------------------------------------------+------+------------------+--------------+--------------+--------------+--------------+------+------------------------------------+
; ram1:my_ram1|altsyncram:ram_rtl_0|altsyncram_5rt1:auto_generated|ALTSYNCRAM                ; AUTO ; Simple Dual Port ; 16           ; 8            ; 16           ; 8            ; 128  ; db/exp7_1.ram0_ram1_3b5e8b.hdl.mif ;
; ram2port:my_ram2|altsyncram:altsyncram_component|altsyncram_acv1:auto_generated|ALTSYNCRAM ; AUTO ; Simple Dual Port ; 16           ; 8            ; 16           ; 8            ; 128  ; ram2.mif                           ;
+--------------------------------------------------------------------------------------------+------+------------------+--------------+--------------+--------------+--------------+------+------------------------------------+


+------------------------------------------------------------------------------------------------------------+
; Analysis & Synthesis IP Cores Summary                                                                      ;
+--------+--------------+---------+--------------+--------------+--------------------------+-----------------+
; Vendor ; IP Core Name ; Version ; Release Date ; License Type ; Entity Instance          ; IP Include File ;
+--------+--------------+---------+--------------+--------------+--------------------------+-----------------+
; Altera ; RAM: 2-PORT  ; 17.1    ; N/A          ; N/A          ; |exp7_1|ram2port:my_ram2 ; ram2port.v      ;
+--------+--------------+---------+--------------+--------------+--------------------------+-----------------+


+------------------------------------------------------+
; General Register Statistics                          ;
+----------------------------------------------+-------+
; Statistic                                    ; Value ;
+----------------------------------------------+-------+
; Total registers                              ; 0     ;
; Number of registers using Synchronous Clear  ; 0     ;
; Number of registers using Synchronous Load   ; 0     ;
; Number of registers using Asynchronous Clear ; 0     ;
; Number of registers using Asynchronous Load  ; 0     ;
; Number of registers using Clock Enable       ; 0     ;
; Number of registers using Preset             ; 0     ;
+----------------------------------------------+-------+


+---------------------------------------------------------+
; Registers Packed Into Inferred Megafunctions            ;
+-------------------------+------------------------+------+
; Register Name           ; Megafunction           ; Type ;
+-------------------------+------------------------+------+
; ram1:my_ram1|dout[0..7] ; ram1:my_ram1|ram_rtl_0 ; RAM  ;
+-------------------------+------------------------+------+


+--------------------------------------------------------------------------------------------------------+
; Source assignments for ram2port:my_ram2|altsyncram:altsyncram_component|altsyncram_acv1:auto_generated ;
+---------------------------------+--------------------+------+------------------------------------------+
; Assignment                      ; Value              ; From ; To                                       ;
+---------------------------------+--------------------+------+------------------------------------------+
; OPTIMIZE_POWER_DURING_SYNTHESIS ; NORMAL_COMPILATION ; -    ; -                                        ;
+---------------------------------+--------------------+------+------------------------------------------+


+-----------------------------------------------------------------------------------------+
; Source assignments for ram1:my_ram1|altsyncram:ram_rtl_0|altsyncram_5rt1:auto_generated ;
+---------------------------------+--------------------+------+---------------------------+
; Assignment                      ; Value              ; From ; To                        ;
+---------------------------------+--------------------+------+---------------------------+
; OPTIMIZE_POWER_DURING_SYNTHESIS ; NORMAL_COMPILATION ; -    ; -                         ;
+---------------------------------+--------------------+------+---------------------------+


+-----------------------------------------------------------------------------------------------+
; Parameter Settings for User Entity Instance: ram2port:my_ram2|altsyncram:altsyncram_component ;
+------------------------------------+----------------------+-----------------------------------+
; Parameter Name                     ; Value                ; Type                              ;
+------------------------------------+----------------------+-----------------------------------+
; BYTE_SIZE_BLOCK                    ; 8                    ; Untyped                           ;
; AUTO_CARRY_CHAINS                  ; ON                   ; AUTO_CARRY                        ;
; IGNORE_CARRY_BUFFERS               ; OFF                  ; IGNORE_CARRY                      ;
; AUTO_CASCADE_CHAINS                ; ON                   ; AUTO_CASCADE                      ;
; IGNORE_CASCADE_BUFFERS             ; OFF                  ; IGNORE_CASCADE                    ;
; WIDTH_BYTEENA                      ; 1                    ; Untyped                           ;
; OPERATION_MODE                     ; DUAL_PORT            ; Untyped                           ;
; WIDTH_A                            ; 8                    ; Signed Integer                    ;
; WIDTHAD_A                          ; 4                    ; Signed Integer                    ;
; NUMWORDS_A                         ; 16                   ; Signed Integer                    ;
; OUTDATA_REG_A                      ; UNREGISTERED         ; Untyped                           ;
; ADDRESS_ACLR_A                     ; NONE                 ; Untyped                           ;
; OUTDATA_ACLR_A                     ; NONE                 ; Untyped                           ;
; WRCONTROL_ACLR_A                   ; NONE                 ; Untyped                           ;
; INDATA_ACLR_A                      ; NONE                 ; Untyped                           ;
; BYTEENA_ACLR_A                     ; NONE                 ; Untyped                           ;
; WIDTH_B                            ; 8                    ; Signed Integer                    ;
; WIDTHAD_B                          ; 4                    ; Signed Integer                    ;
; NUMWORDS_B                         ; 16                   ; Signed Integer                    ;
; INDATA_REG_B                       ; CLOCK1               ; Untyped                           ;
; WRCONTROL_WRADDRESS_REG_B          ; CLOCK1               ; Untyped                           ;
; RDCONTROL_REG_B                    ; CLOCK1               ; Untyped                           ;
; ADDRESS_REG_B                      ; CLOCK0               ; Untyped                           ;
; OUTDATA_REG_B                      ; CLOCK0               ; Untyped                           ;
; BYTEENA_REG_B                      ; CLOCK1               ; Untyped                           ;
; INDATA_ACLR_B                      ; NONE                 ; Untyped                           ;
; WRCONTROL_ACLR_B                   ; NONE                 ; Untyped                           ;
; ADDRESS_ACLR_B                     ; NONE                 ; Untyped                           ;
; OUTDATA_ACLR_B                     ; NONE                 ; Untyped                           ;
; RDCONTROL_ACLR_B                   ; NONE                 ; Untyped                           ;
; BYTEENA_ACLR_B                     ; NONE                 ; Untyped                           ;
; WIDTH_BYTEENA_A                    ; 1                    ; Signed Integer                    ;
; WIDTH_BYTEENA_B                    ; 1                    ; Untyped                           ;
; RAM_BLOCK_TYPE                     ; AUTO                 ; Untyped                           ;
; BYTE_SIZE                          ; 8                    ; Untyped                           ;
; READ_DURING_WRITE_MODE_MIXED_PORTS ; DONT_CARE            ; Untyped                           ;
; READ_DURING_WRITE_MODE_PORT_A      ; NEW_DATA_NO_NBE_READ ; Untyped                           ;
; READ_DURING_WRITE_MODE_PORT_B      ; NEW_DATA_NO_NBE_READ ; Untyped                           ;
; INIT_FILE                          ; ram2.mif             ; Untyped                           ;
; INIT_FILE_LAYOUT                   ; PORT_A               ; Untyped                           ;
; MAXIMUM_DEPTH                      ; 0                    ; Untyped                           ;
; CLOCK_ENABLE_INPUT_A               ; BYPASS               ; Untyped                           ;
; CLOCK_ENABLE_INPUT_B               ; BYPASS               ; Untyped                           ;
; CLOCK_ENABLE_OUTPUT_A              ; NORMAL               ; Untyped                           ;
; CLOCK_ENABLE_OUTPUT_B              ; BYPASS               ; Untyped                           ;
; CLOCK_ENABLE_CORE_A                ; USE_INPUT_CLKEN      ; Untyped                           ;
; CLOCK_ENABLE_CORE_B                ; USE_INPUT_CLKEN      ; Untyped                           ;
; ENABLE_ECC                         ; FALSE                ; Untyped                           ;
; ECC_PIPELINE_STAGE_ENABLED         ; FALSE                ; Untyped                           ;
; WIDTH_ECCSTATUS                    ; 3                    ; Untyped                           ;
; DEVICE_FAMILY                      ; Cyclone V            ; Untyped                           ;
; CBXI_PARAMETER                     ; altsyncram_acv1      ; Untyped                           ;
+------------------------------------+----------------------+-----------------------------------+
Note: In order to hide this table in the UI and the text report file, please set the "Show Parameter Settings in Synthesis Report" option in "Analysis and Synthesis Settings -> More Settings" to "Off".


+------------------------------------------------------------------------------------------+
; Parameter Settings for Inferred Entity Instance: ram1:my_ram1|altsyncram:ram_rtl_0       ;
+------------------------------------+------------------------------------+----------------+
; Parameter Name                     ; Value                              ; Type           ;
+------------------------------------+------------------------------------+----------------+
; BYTE_SIZE_BLOCK                    ; 8                                  ; Untyped        ;
; AUTO_CARRY_CHAINS                  ; ON                                 ; AUTO_CARRY     ;
; IGNORE_CARRY_BUFFERS               ; OFF                                ; IGNORE_CARRY   ;
; AUTO_CASCADE_CHAINS                ; ON                                 ; AUTO_CASCADE   ;
; IGNORE_CASCADE_BUFFERS             ; OFF                                ; IGNORE_CASCADE ;
; WIDTH_BYTEENA                      ; 1                                  ; Untyped        ;
; OPERATION_MODE                     ; DUAL_PORT                          ; Untyped        ;
; WIDTH_A                            ; 8                                  ; Untyped        ;
; WIDTHAD_A                          ; 4                                  ; Untyped        ;
; NUMWORDS_A                         ; 16                                 ; Untyped        ;
; OUTDATA_REG_A                      ; UNREGISTERED                       ; Untyped        ;
; ADDRESS_ACLR_A                     ; NONE                               ; Untyped        ;
; OUTDATA_ACLR_A                     ; NONE                               ; Untyped        ;
; WRCONTROL_ACLR_A                   ; NONE                               ; Untyped        ;
; INDATA_ACLR_A                      ; NONE                               ; Untyped        ;
; BYTEENA_ACLR_A                     ; NONE                               ; Untyped        ;
; WIDTH_B                            ; 8                                  ; Untyped        ;
; WIDTHAD_B                          ; 4                                  ; Untyped        ;
; NUMWORDS_B                         ; 16                                 ; Untyped        ;
; INDATA_REG_B                       ; CLOCK1                             ; Untyped        ;
; WRCONTROL_WRADDRESS_REG_B          ; CLOCK1                             ; Untyped        ;
; RDCONTROL_REG_B                    ; CLOCK0                             ; Untyped        ;
; ADDRESS_REG_B                      ; CLOCK0                             ; Untyped        ;
; OUTDATA_REG_B                      ; UNREGISTERED                       ; Untyped        ;
; BYTEENA_REG_B                      ; CLOCK1                             ; Untyped        ;
; INDATA_ACLR_B                      ; NONE                               ; Untyped        ;
; WRCONTROL_ACLR_B                   ; NONE                               ; Untyped        ;
; ADDRESS_ACLR_B                     ; NONE                               ; Untyped        ;
; OUTDATA_ACLR_B                     ; NONE                               ; Untyped        ;
; RDCONTROL_ACLR_B                   ; NONE                               ; Untyped        ;
; BYTEENA_ACLR_B                     ; NONE                               ; Untyped        ;
; WIDTH_BYTEENA_A                    ; 1                                  ; Untyped        ;
; WIDTH_BYTEENA_B                    ; 1                                  ; Untyped        ;
; RAM_BLOCK_TYPE                     ; AUTO                               ; Untyped        ;
; BYTE_SIZE                          ; 8                                  ; Untyped        ;
; READ_DURING_WRITE_MODE_MIXED_PORTS ; OLD_DATA                           ; Untyped        ;
; READ_DURING_WRITE_MODE_PORT_A      ; NEW_DATA_NO_NBE_READ               ; Untyped        ;
; READ_DURING_WRITE_MODE_PORT_B      ; NEW_DATA_NO_NBE_READ               ; Untyped        ;
; INIT_FILE                          ; db/exp7_1.ram0_ram1_3b5e8b.hdl.mif ; Untyped        ;
; INIT_FILE_LAYOUT                   ; PORT_A                             ; Untyped        ;
; MAXIMUM_DEPTH                      ; 0                                  ; Untyped        ;
; CLOCK_ENABLE_INPUT_A               ; NORMAL                             ; Untyped        ;
; CLOCK_ENABLE_INPUT_B               ; NORMAL                             ; Untyped        ;
; CLOCK_ENABLE_OUTPUT_A              ; NORMAL                             ; Untyped        ;
; CLOCK_ENABLE_OUTPUT_B              ; NORMAL                             ; Untyped        ;
; CLOCK_ENABLE_CORE_A                ; USE_INPUT_CLKEN                    ; Untyped        ;
; CLOCK_ENABLE_CORE_B                ; USE_INPUT_CLKEN                    ; Untyped        ;
; ENABLE_ECC                         ; FALSE                              ; Untyped        ;
; ECC_PIPELINE_STAGE_ENABLED         ; FALSE                              ; Untyped        ;
; WIDTH_ECCSTATUS                    ; 3                                  ; Untyped        ;
; DEVICE_FAMILY                      ; Cyclone V                          ; Untyped        ;
; CBXI_PARAMETER                     ; altsyncram_5rt1                    ; Untyped        ;
+------------------------------------+------------------------------------+----------------+
Note: In order to hide this table in the UI and the text report file, please set the "Show Parameter Settings in Synthesis Report" option in "Analysis and Synthesis Settings -> More Settings" to "Off".


+----------------------------------------------------------------------------------------------+
; altsyncram Parameter Settings by Entity Instance                                             ;
+-------------------------------------------+--------------------------------------------------+
; Name                                      ; Value                                            ;
+-------------------------------------------+--------------------------------------------------+
; Number of entity instances                ; 2                                                ;
; Entity Instance                           ; ram2port:my_ram2|altsyncram:altsyncram_component ;
;     -- OPERATION_MODE                     ; DUAL_PORT                                        ;
;     -- WIDTH_A                            ; 8                                                ;
;     -- NUMWORDS_A                         ; 16                                               ;
;     -- OUTDATA_REG_A                      ; UNREGISTERED                                     ;
;     -- WIDTH_B                            ; 8                                                ;
;     -- NUMWORDS_B                         ; 16                                               ;
;     -- ADDRESS_REG_B                      ; CLOCK0                                           ;
;     -- OUTDATA_REG_B                      ; CLOCK0                                           ;
;     -- RAM_BLOCK_TYPE                     ; AUTO                                             ;
;     -- READ_DURING_WRITE_MODE_MIXED_PORTS ; DONT_CARE                                        ;
; Entity Instance                           ; ram1:my_ram1|altsyncram:ram_rtl_0                ;
;     -- OPERATION_MODE                     ; DUAL_PORT                                        ;
;     -- WIDTH_A                            ; 8                                                ;
;     -- NUMWORDS_A                         ; 16                                               ;
;     -- OUTDATA_REG_A                      ; UNREGISTERED                                     ;
;     -- WIDTH_B                            ; 8                                                ;
;     -- NUMWORDS_B                         ; 16                                               ;
;     -- ADDRESS_REG_B                      ; CLOCK0                                           ;
;     -- OUTDATA_REG_B                      ; UNREGISTERED                                     ;
;     -- RAM_BLOCK_TYPE                     ; AUTO                                             ;
;     -- READ_DURING_WRITE_MODE_MIXED_PORTS ; OLD_DATA                                         ;
+-------------------------------------------+--------------------------------------------------+


+-----------------------------------------------------+
; Post-Synthesis Netlist Statistics for Top Partition ;
+--------------------+--------------------------------+
; Type               ; Count                          ;
+--------------------+--------------------------------+
; boundary_port      ; 34                             ;
; stratixv_ram_block ; 16                             ;
;                    ;                                ;
; Max LUT depth      ; 0.00                           ;
; Average LUT depth  ; 0.00                           ;
+--------------------+--------------------------------+


+-------------------------------+
; Elapsed Time Per Partition    ;
+----------------+--------------+
; Partition Name ; Elapsed Time ;
+----------------+--------------+
; Top            ; 00:00:00     ;
+----------------+--------------+


+-------------------------------+
; Analysis & Synthesis Messages ;
+-------------------------------+
Info: *******************************************************************
Info: Running Quartus Prime Analysis & Synthesis
    Info: Version 17.1.0 Build 590 10/25/2017 SJ Lite Edition
    Info: Processing started: Thu Oct 15 15:36:39 2020
Info: Command: quartus_map --read_settings_files=on --write_settings_files=off exp7_1 -c exp7_1
Warning (18236): Number of processors has not been specified which may cause overloading on shared machines.  Set the global assignment NUM_PARALLEL_PROCESSORS in your QSF to an appropriate value for best performance.
Info (20030): Parallel compilation is enabled and will use 4 of the 4 processors detected
Info (12021): Found 1 design units, including 1 entities, in source file exp7_1.v
    Info (12023): Found entity 1: exp7_1 File: C:/Users/44254/Desktop/digit_design_exp/exp7_1/exp7_1.v Line: 1
Info (12021): Found 1 design units, including 1 entities, in source file ram1.v
    Info (12023): Found entity 1: ram1 File: C:/Users/44254/Desktop/digit_design_exp/exp7_1/ram1.v Line: 1
Info (12021): Found 1 design units, including 1 entities, in source file ram2port.v
    Info (12023): Found entity 1: ram2port File: C:/Users/44254/Desktop/digit_design_exp/exp7_1/ram2port.v Line: 39
Info (12127): Elaborating entity "exp7_1" for the top level hierarchy
Info (12128): Elaborating entity "ram1" for hierarchy "ram1:my_ram1" File: C:/Users/44254/Desktop/digit_design_exp/exp7_1/exp7_1.v Line: 9
Info (12128): Elaborating entity "ram2port" for hierarchy "ram2port:my_ram2" File: C:/Users/44254/Desktop/digit_design_exp/exp7_1/exp7_1.v Line: 11
Info (12128): Elaborating entity "altsyncram" for hierarchy "ram2port:my_ram2|altsyncram:altsyncram_component" File: C:/Users/44254/Desktop/digit_design_exp/exp7_1/ram2port.v Line: 88
Info (12130): Elaborated megafunction instantiation "ram2port:my_ram2|altsyncram:altsyncram_component" File: C:/Users/44254/Desktop/digit_design_exp/exp7_1/ram2port.v Line: 88
Info (12133): Instantiated megafunction "ram2port:my_ram2|altsyncram:altsyncram_component" with the following parameter: File: C:/Users/44254/Desktop/digit_design_exp/exp7_1/ram2port.v Line: 88
    Info (12134): Parameter "address_aclr_b" = "NONE"
    Info (12134): Parameter "address_reg_b" = "CLOCK0"
    Info (12134): Parameter "clock_enable_input_a" = "BYPASS"
    Info (12134): Parameter "clock_enable_input_b" = "BYPASS"
    Info (12134): Parameter "clock_enable_output_b" = "BYPASS"
    Info (12134): Parameter "init_file" = "ram2.mif"
    Info (12134): Parameter "intended_device_family" = "Cyclone V"
    Info (12134): Parameter "lpm_type" = "altsyncram"
    Info (12134): Parameter "numwords_a" = "16"
    Info (12134): Parameter "numwords_b" = "16"
    Info (12134): Parameter "operation_mode" = "DUAL_PORT"
    Info (12134): Parameter "outdata_aclr_b" = "NONE"
    Info (12134): Parameter "outdata_reg_b" = "CLOCK0"
    Info (12134): Parameter "power_up_uninitialized" = "FALSE"
    Info (12134): Parameter "read_during_write_mode_mixed_ports" = "DONT_CARE"
    Info (12134): Parameter "widthad_a" = "4"
    Info (12134): Parameter "widthad_b" = "4"
    Info (12134): Parameter "width_a" = "8"
    Info (12134): Parameter "width_b" = "8"
    Info (12134): Parameter "width_byteena_a" = "1"
Info (12021): Found 1 design units, including 1 entities, in source file db/altsyncram_acv1.tdf
    Info (12023): Found entity 1: altsyncram_acv1 File: C:/Users/44254/Desktop/digit_design_exp/exp7_1/db/altsyncram_acv1.tdf Line: 27
Info (12128): Elaborating entity "altsyncram_acv1" for hierarchy "ram2port:my_ram2|altsyncram:altsyncram_component|altsyncram_acv1:auto_generated" File: c:/intelfpga_lite/17.1/quartus/libraries/megafunctions/altsyncram.tdf Line: 791
Info (19000): Inferred 1 megafunctions from design logic
    Info (276029): Inferred altsyncram megafunction from the following design logic: "ram1:my_ram1|ram_rtl_0" 
        Info (286033): Parameter OPERATION_MODE set to DUAL_PORT
        Info (286033): Parameter WIDTH_A set to 8
        Info (286033): Parameter WIDTHAD_A set to 4
        Info (286033): Parameter NUMWORDS_A set to 16
        Info (286033): Parameter WIDTH_B set to 8
        Info (286033): Parameter WIDTHAD_B set to 4
        Info (286033): Parameter NUMWORDS_B set to 16
        Info (286033): Parameter ADDRESS_ACLR_A set to NONE
        Info (286033): Parameter OUTDATA_REG_B set to UNREGISTERED
        Info (286033): Parameter ADDRESS_ACLR_B set to NONE
        Info (286033): Parameter OUTDATA_ACLR_B set to NONE
        Info (286033): Parameter ADDRESS_REG_B set to CLOCK0
        Info (286033): Parameter INDATA_ACLR_A set to NONE
        Info (286033): Parameter WRCONTROL_ACLR_A set to NONE
        Info (286033): Parameter INIT_FILE set to db/exp7_1.ram0_ram1_3b5e8b.hdl.mif
        Info (286033): Parameter READ_DURING_WRITE_MODE_MIXED_PORTS set to OLD_DATA
        Info (286033): Parameter RDCONTROL_REG_B set to CLOCK0
Info (12130): Elaborated megafunction instantiation "ram1:my_ram1|altsyncram:ram_rtl_0"
Info (12133): Instantiated megafunction "ram1:my_ram1|altsyncram:ram_rtl_0" with the following parameter:
    Info (12134): Parameter "OPERATION_MODE" = "DUAL_PORT"
    Info (12134): Parameter "WIDTH_A" = "8"
    Info (12134): Parameter "WIDTHAD_A" = "4"
    Info (12134): Parameter "NUMWORDS_A" = "16"
    Info (12134): Parameter "WIDTH_B" = "8"
    Info (12134): Parameter "WIDTHAD_B" = "4"
    Info (12134): Parameter "NUMWORDS_B" = "16"
    Info (12134): Parameter "ADDRESS_ACLR_A" = "NONE"
    Info (12134): Parameter "OUTDATA_REG_B" = "UNREGISTERED"
    Info (12134): Parameter "ADDRESS_ACLR_B" = "NONE"
    Info (12134): Parameter "OUTDATA_ACLR_B" = "NONE"
    Info (12134): Parameter "ADDRESS_REG_B" = "CLOCK0"
    Info (12134): Parameter "INDATA_ACLR_A" = "NONE"
    Info (12134): Parameter "WRCONTROL_ACLR_A" = "NONE"
    Info (12134): Parameter "INIT_FILE" = "db/exp7_1.ram0_ram1_3b5e8b.hdl.mif"
    Info (12134): Parameter "READ_DURING_WRITE_MODE_MIXED_PORTS" = "OLD_DATA"
    Info (12134): Parameter "RDCONTROL_REG_B" = "CLOCK0"
Info (12021): Found 1 design units, including 1 entities, in source file db/altsyncram_5rt1.tdf
    Info (12023): Found entity 1: altsyncram_5rt1 File: C:/Users/44254/Desktop/digit_design_exp/exp7_1/db/altsyncram_5rt1.tdf Line: 27
Info (16010): Generating hard_block partition "hard_block:auto_generated_inst"
    Info (16011): Adding 0 node(s), including 0 DDIO, 0 PLL, 0 transceiver and 0 LCELL
Info (21057): Implemented 50 device resources after synthesis - the final resource count might be different
    Info (21058): Implemented 18 input pins
    Info (21059): Implemented 16 output pins
    Info (21064): Implemented 16 RAM segments
Info: Quartus Prime Analysis & Synthesis was successful. 0 errors, 1 warning
    Info: Peak virtual memory: 4816 megabytes
    Info: Processing ended: Thu Oct 15 15:36:52 2020
    Info: Elapsed time: 00:00:13
    Info: Total CPU time (on all processors): 00:00:27


