Analysis & Synthesis report for exp8
Mon Nov 23 20:55:33 2020
Quartus Prime Version 17.1.0 Build 590 10/25/2017 SJ Lite Edition


---------------------
; Table of Contents ;
---------------------
  1. Legal Notice
  2. Analysis & Synthesis Summary
  3. Analysis & Synthesis Settings
  4. Parallel Compilation
  5. Analysis & Synthesis Source Files Read
  6. Analysis & Synthesis Resource Usage Summary
  7. Analysis & Synthesis Resource Utilization by Entity
  8. Analysis & Synthesis RAM Summary
  9. User-Specified and Inferred Latches
 10. Registers Removed During Synthesis
 11. General Register Statistics
 12. Inverted Register Statistics
 13. Registers Added for RAM Pass-Through Logic
 14. Multiplexer Restructuring Statistics (Restructuring Performed)
 15. Source assignments for ps2_keyboard:B|altsyncram:fifo_rtl_0|altsyncram_edi1:auto_generated
 16. Parameter Settings for User Entity Instance: div_N:A
 17. Parameter Settings for Inferred Entity Instance: ps2_keyboard:B|altsyncram:fifo_rtl_0
 18. Parameter Settings for Inferred Entity Instance: display_panel:D|lpm_divide:Mod0
 19. Parameter Settings for Inferred Entity Instance: display_panel:D|lpm_divide:Div0
 20. altsyncram Parameter Settings by Entity Instance
 21. Post-Synthesis Netlist Statistics for Top Partition
 22. Elapsed Time Per Partition
 23. Analysis & Synthesis Messages
 24. Analysis & Synthesis Suppressed Messages



----------------
; Legal Notice ;
----------------
Copyright (C) 2017  Intel Corporation. All rights reserved.
Your use of Intel Corporation's design tools, logic functions 
and other software and tools, and its AMPP partner logic 
functions, and any output files from any of the foregoing 
(including device programming or simulation files), and any 
associated documentation or information are expressly subject 
to the terms and conditions of the Intel Program License 
Subscription Agreement, the Intel Quartus Prime License Agreement,
the Intel FPGA IP License Agreement, or other applicable license
agreement, including, without limitation, that your use is for
the sole purpose of programming logic devices manufactured by
Intel and sold by Intel or its authorized distributors.  Please
refer to the applicable agreement for further details.



+-------------------------------------------------------------------------------+
; Analysis & Synthesis Summary                                                  ;
+---------------------------------+---------------------------------------------+
; Analysis & Synthesis Status     ; Successful - Mon Nov 23 20:55:33 2020       ;
; Quartus Prime Version           ; 17.1.0 Build 590 10/25/2017 SJ Lite Edition ;
; Revision Name                   ; exp8                                        ;
; Top-level Entity Name           ; exp8                                        ;
; Family                          ; Cyclone V                                   ;
; Logic utilization (in ALMs)     ; N/A                                         ;
; Total registers                 ; 95                                          ;
; Total pins                      ; 51                                          ;
; Total virtual pins              ; 0                                           ;
; Total block memory bits         ; 64                                          ;
; Total DSP Blocks                ; 0                                           ;
; Total HSSI RX PCSs              ; 0                                           ;
; Total HSSI PMA RX Deserializers ; 0                                           ;
; Total HSSI TX PCSs              ; 0                                           ;
; Total HSSI PMA TX Serializers   ; 0                                           ;
; Total PLLs                      ; 0                                           ;
; Total DLLs                      ; 0                                           ;
+---------------------------------+---------------------------------------------+


+---------------------------------------------------------------------------------------------------------------------------+
; Analysis & Synthesis Settings                                                                                             ;
+---------------------------------------------------------------------------------+--------------------+--------------------+
; Option                                                                          ; Setting            ; Default Value      ;
+---------------------------------------------------------------------------------+--------------------+--------------------+
; Device                                                                          ; 5CSXFC6D6F31C6     ;                    ;
; Top-level entity name                                                           ; exp8               ; exp8               ;
; Family name                                                                     ; Cyclone V          ; Cyclone V          ;
; Use smart compilation                                                           ; Off                ; Off                ;
; Enable parallel Assembler and TimeQuest Timing Analyzer during compilation      ; On                 ; On                 ;
; Enable compact report table                                                     ; Off                ; Off                ;
; Restructure Multiplexers                                                        ; Auto               ; Auto               ;
; MLAB Add Timing Constraints For Mixed-Port Feed-Through Mode Setting Don't Care ; Off                ; Off                ;
; Create Debugging Nodes for IP Cores                                             ; Off                ; Off                ;
; Preserve fewer node names                                                       ; On                 ; On                 ;
; Intel FPGA IP Evaluation Mode                                                   ; Enable             ; Enable             ;
; Verilog Version                                                                 ; Verilog_2001       ; Verilog_2001       ;
; VHDL Version                                                                    ; VHDL_1993          ; VHDL_1993          ;
; State Machine Processing                                                        ; Auto               ; Auto               ;
; Safe State Machine                                                              ; Off                ; Off                ;
; Extract Verilog State Machines                                                  ; On                 ; On                 ;
; Extract VHDL State Machines                                                     ; On                 ; On                 ;
; Ignore Verilog initial constructs                                               ; Off                ; Off                ;
; Iteration limit for constant Verilog loops                                      ; 5000               ; 5000               ;
; Iteration limit for non-constant Verilog loops                                  ; 250                ; 250                ;
; Add Pass-Through Logic to Inferred RAMs                                         ; On                 ; On                 ;
; Infer RAMs from Raw Logic                                                       ; On                 ; On                 ;
; Parallel Synthesis                                                              ; On                 ; On                 ;
; DSP Block Balancing                                                             ; Auto               ; Auto               ;
; NOT Gate Push-Back                                                              ; On                 ; On                 ;
; Power-Up Don't Care                                                             ; On                 ; On                 ;
; Remove Redundant Logic Cells                                                    ; Off                ; Off                ;
; Remove Duplicate Registers                                                      ; On                 ; On                 ;
; Ignore CARRY Buffers                                                            ; Off                ; Off                ;
; Ignore CASCADE Buffers                                                          ; Off                ; Off                ;
; Ignore GLOBAL Buffers                                                           ; Off                ; Off                ;
; Ignore ROW GLOBAL Buffers                                                       ; Off                ; Off                ;
; Ignore LCELL Buffers                                                            ; Off                ; Off                ;
; Ignore SOFT Buffers                                                             ; On                 ; On                 ;
; Limit AHDL Integers to 32 Bits                                                  ; Off                ; Off                ;
; Optimization Technique                                                          ; Balanced           ; Balanced           ;
; Carry Chain Length                                                              ; 70                 ; 70                 ;
; Auto Carry Chains                                                               ; On                 ; On                 ;
; Auto Open-Drain Pins                                                            ; On                 ; On                 ;
; Perform WYSIWYG Primitive Resynthesis                                           ; Off                ; Off                ;
; Auto ROM Replacement                                                            ; On                 ; On                 ;
; Auto RAM Replacement                                                            ; On                 ; On                 ;
; Auto DSP Block Replacement                                                      ; On                 ; On                 ;
; Auto Shift Register Replacement                                                 ; Auto               ; Auto               ;
; Allow Shift Register Merging across Hierarchies                                 ; Auto               ; Auto               ;
; Auto Clock Enable Replacement                                                   ; On                 ; On                 ;
; Strict RAM Replacement                                                          ; Off                ; Off                ;
; Allow Synchronous Control Signals                                               ; On                 ; On                 ;
; Force Use of Synchronous Clear Signals                                          ; Off                ; Off                ;
; Auto Resource Sharing                                                           ; Off                ; Off                ;
; Allow Any RAM Size For Recognition                                              ; Off                ; Off                ;
; Allow Any ROM Size For Recognition                                              ; Off                ; Off                ;
; Allow Any Shift Register Size For Recognition                                   ; Off                ; Off                ;
; Use LogicLock Constraints during Resource Balancing                             ; On                 ; On                 ;
; Ignore translate_off and synthesis_off directives                               ; Off                ; Off                ;
; Timing-Driven Synthesis                                                         ; On                 ; On                 ;
; Report Parameter Settings                                                       ; On                 ; On                 ;
; Report Source Assignments                                                       ; On                 ; On                 ;
; Report Connectivity Checks                                                      ; On                 ; On                 ;
; Ignore Maximum Fan-Out Assignments                                              ; Off                ; Off                ;
; Synchronization Register Chain Length                                           ; 3                  ; 3                  ;
; Power Optimization During Synthesis                                             ; Normal compilation ; Normal compilation ;
; HDL message level                                                               ; Level2             ; Level2             ;
; Suppress Register Optimization Related Messages                                 ; Off                ; Off                ;
; Number of Removed Registers Reported in Synthesis Report                        ; 5000               ; 5000               ;
; Number of Swept Nodes Reported in Synthesis Report                              ; 5000               ; 5000               ;
; Number of Inverted Registers Reported in Synthesis Report                       ; 100                ; 100                ;
; Clock MUX Protection                                                            ; On                 ; On                 ;
; Auto Gated Clock Conversion                                                     ; Off                ; Off                ;
; Block Design Naming                                                             ; Auto               ; Auto               ;
; SDC constraint protection                                                       ; Off                ; Off                ;
; Synthesis Effort                                                                ; Auto               ; Auto               ;
; Shift Register Replacement - Allow Asynchronous Clear Signal                    ; On                 ; On                 ;
; Pre-Mapping Resynthesis Optimization                                            ; Off                ; Off                ;
; Analysis & Synthesis Message Level                                              ; Medium             ; Medium             ;
; Disable Register Merging Across Hierarchies                                     ; Auto               ; Auto               ;
; Resource Aware Inference For Block RAM                                          ; On                 ; On                 ;
; Automatic Parallel Synthesis                                                    ; On                 ; On                 ;
; Partial Reconfiguration Bitstream ID                                            ; Off                ; Off                ;
+---------------------------------------------------------------------------------+--------------------+--------------------+


+------------------------------------------+
; Parallel Compilation                     ;
+----------------------------+-------------+
; Processors                 ; Number      ;
+----------------------------+-------------+
; Number detected on machine ; 8           ;
; Maximum allowed            ; 4           ;
;                            ;             ;
; Average used               ; 1.00        ;
; Maximum used               ; 4           ;
;                            ;             ;
; Usage by Processor         ; % Time Used ;
;     Processor 1            ; 100.0%      ;
;     Processors 2-4         ;   0.0%      ;
+----------------------------+-------------+


+----------------------------------------------------------------------------------------------------------------------------------------------------------------------------+
; Analysis & Synthesis Source Files Read                                                                                                                                     ;
+----------------------------------+-----------------+------------------------------+------------------------------------------------------------------------------+---------+
; File Name with User-Entered Path ; Used in Netlist ; File Type                    ; File Name with Absolute Path                                                 ; Library ;
+----------------------------------+-----------------+------------------------------+------------------------------------------------------------------------------+---------+
; ps2_keyboard.v                   ; yes             ; User Verilog HDL File        ; C:/Users/44254/Desktop/digit_design_exp/exp8/ps2_keyboard.v                  ;         ;
; process.v                        ; yes             ; User Verilog HDL File        ; C:/Users/44254/Desktop/digit_design_exp/exp8/process.v                       ;         ;
; exp8.v                           ; yes             ; User Verilog HDL File        ; C:/Users/44254/Desktop/digit_design_exp/exp8/exp8.v                          ;         ;
; display_panel.v                  ; yes             ; User Verilog HDL File        ; C:/Users/44254/Desktop/digit_design_exp/exp8/display_panel.v                 ;         ;
; div_N.v                          ; yes             ; User Verilog HDL File        ; C:/Users/44254/Desktop/digit_design_exp/exp8/div_N.v                         ;         ;
; altsyncram.tdf                   ; yes             ; Megafunction                 ; c:/intelfpga_lite/17.1/quartus/libraries/megafunctions/altsyncram.tdf        ;         ;
; stratix_ram_block.inc            ; yes             ; Megafunction                 ; c:/intelfpga_lite/17.1/quartus/libraries/megafunctions/stratix_ram_block.inc ;         ;
; lpm_mux.inc                      ; yes             ; Megafunction                 ; c:/intelfpga_lite/17.1/quartus/libraries/megafunctions/lpm_mux.inc           ;         ;
; lpm_decode.inc                   ; yes             ; Megafunction                 ; c:/intelfpga_lite/17.1/quartus/libraries/megafunctions/lpm_decode.inc        ;         ;
; aglobal171.inc                   ; yes             ; Megafunction                 ; c:/intelfpga_lite/17.1/quartus/libraries/megafunctions/aglobal171.inc        ;         ;
; a_rdenreg.inc                    ; yes             ; Megafunction                 ; c:/intelfpga_lite/17.1/quartus/libraries/megafunctions/a_rdenreg.inc         ;         ;
; altrom.inc                       ; yes             ; Megafunction                 ; c:/intelfpga_lite/17.1/quartus/libraries/megafunctions/altrom.inc            ;         ;
; altram.inc                       ; yes             ; Megafunction                 ; c:/intelfpga_lite/17.1/quartus/libraries/megafunctions/altram.inc            ;         ;
; altdpram.inc                     ; yes             ; Megafunction                 ; c:/intelfpga_lite/17.1/quartus/libraries/megafunctions/altdpram.inc          ;         ;
; db/altsyncram_edi1.tdf           ; yes             ; Auto-Generated Megafunction  ; C:/Users/44254/Desktop/digit_design_exp/exp8/db/altsyncram_edi1.tdf          ;         ;
; lpm_divide.tdf                   ; yes             ; Megafunction                 ; c:/intelfpga_lite/17.1/quartus/libraries/megafunctions/lpm_divide.tdf        ;         ;
; abs_divider.inc                  ; yes             ; Megafunction                 ; c:/intelfpga_lite/17.1/quartus/libraries/megafunctions/abs_divider.inc       ;         ;
; sign_div_unsign.inc              ; yes             ; Megafunction                 ; c:/intelfpga_lite/17.1/quartus/libraries/megafunctions/sign_div_unsign.inc   ;         ;
; db/lpm_divide_82m.tdf            ; yes             ; Auto-Generated Megafunction  ; C:/Users/44254/Desktop/digit_design_exp/exp8/db/lpm_divide_82m.tdf           ;         ;
; db/sign_div_unsign_bkh.tdf       ; yes             ; Auto-Generated Megafunction  ; C:/Users/44254/Desktop/digit_design_exp/exp8/db/sign_div_unsign_bkh.tdf      ;         ;
; db/alt_u_div_sse.tdf             ; yes             ; Auto-Generated Megafunction  ; C:/Users/44254/Desktop/digit_design_exp/exp8/db/alt_u_div_sse.tdf            ;         ;
; db/lpm_divide_5am.tdf            ; yes             ; Auto-Generated Megafunction  ; C:/Users/44254/Desktop/digit_design_exp/exp8/db/lpm_divide_5am.tdf           ;         ;
+----------------------------------+-----------------+------------------------------+------------------------------------------------------------------------------+---------+


+---------------------------------------------------------+
; Analysis & Synthesis Resource Usage Summary             ;
+---------------------------------------------+-----------+
; Resource                                    ; Usage     ;
+---------------------------------------------+-----------+
; Estimate of Logic utilization (ALMs needed) ; 196       ;
;                                             ;           ;
; Combinational ALUT usage for logic          ; 345       ;
;     -- 7 input functions                    ; 0         ;
;     -- 6 input functions                    ; 44        ;
;     -- 5 input functions                    ; 36        ;
;     -- 4 input functions                    ; 64        ;
;     -- <=3 input functions                  ; 201       ;
;                                             ;           ;
; Dedicated logic registers                   ; 95        ;
;                                             ;           ;
; I/O pins                                    ; 51        ;
; Total MLAB memory bits                      ; 0         ;
; Total block memory bits                     ; 64        ;
;                                             ;           ;
; Total DSP Blocks                            ; 0         ;
;                                             ;           ;
; Maximum fan-out node                        ; clk~input ;
; Maximum fan-out                             ; 81        ;
; Total fan-out                               ; 1611      ;
; Average fan-out                             ; 2.93      ;
+---------------------------------------------+-----------+


+-----------------------------------------------------------------------------------------------------------------------------------------------------------------------------------------------------------------------------------------------------------------------------------------------------------------+
; Analysis & Synthesis Resource Utilization by Entity                                                                                                                                                                                                                                                             ;
+-------------------------------------------+---------------------+---------------------------+-------------------+------------+------+--------------+-----------------------------------------------------------------------------------------------------------------------+---------------------+--------------+
; Compilation Hierarchy Node                ; Combinational ALUTs ; Dedicated Logic Registers ; Block Memory Bits ; DSP Blocks ; Pins ; Virtual Pins ; Full Hierarchy Name                                                                                                   ; Entity Name         ; Library Name ;
+-------------------------------------------+---------------------+---------------------------+-------------------+------------+------+--------------+-----------------------------------------------------------------------------------------------------------------------+---------------------+--------------+
; |exp8                                     ; 345 (23)            ; 95 (22)                   ; 64                ; 0          ; 51   ; 0            ; |exp8                                                                                                                 ; exp8                ; work         ;
;    |display_panel:D|                      ; 203 (101)           ; 0 (0)                     ; 0                 ; 0          ; 0    ; 0            ; |exp8|display_panel:D                                                                                                 ; display_panel       ; work         ;
;       |lpm_divide:Div0|                   ; 49 (0)              ; 0 (0)                     ; 0                 ; 0          ; 0    ; 0            ; |exp8|display_panel:D|lpm_divide:Div0                                                                                 ; lpm_divide          ; work         ;
;          |lpm_divide_5am:auto_generated|  ; 49 (0)              ; 0 (0)                     ; 0                 ; 0          ; 0    ; 0            ; |exp8|display_panel:D|lpm_divide:Div0|lpm_divide_5am:auto_generated                                                   ; lpm_divide_5am      ; work         ;
;             |sign_div_unsign_bkh:divider| ; 49 (0)              ; 0 (0)                     ; 0                 ; 0          ; 0    ; 0            ; |exp8|display_panel:D|lpm_divide:Div0|lpm_divide_5am:auto_generated|sign_div_unsign_bkh:divider                       ; sign_div_unsign_bkh ; work         ;
;                |alt_u_div_sse:divider|    ; 49 (49)             ; 0 (0)                     ; 0                 ; 0          ; 0    ; 0            ; |exp8|display_panel:D|lpm_divide:Div0|lpm_divide_5am:auto_generated|sign_div_unsign_bkh:divider|alt_u_div_sse:divider ; alt_u_div_sse       ; work         ;
;       |lpm_divide:Mod0|                   ; 53 (0)              ; 0 (0)                     ; 0                 ; 0          ; 0    ; 0            ; |exp8|display_panel:D|lpm_divide:Mod0                                                                                 ; lpm_divide          ; work         ;
;          |lpm_divide_82m:auto_generated|  ; 53 (0)              ; 0 (0)                     ; 0                 ; 0          ; 0    ; 0            ; |exp8|display_panel:D|lpm_divide:Mod0|lpm_divide_82m:auto_generated                                                   ; lpm_divide_82m      ; work         ;
;             |sign_div_unsign_bkh:divider| ; 53 (0)              ; 0 (0)                     ; 0                 ; 0          ; 0    ; 0            ; |exp8|display_panel:D|lpm_divide:Mod0|lpm_divide_82m:auto_generated|sign_div_unsign_bkh:divider                       ; sign_div_unsign_bkh ; work         ;
;                |alt_u_div_sse:divider|    ; 53 (53)             ; 0 (0)                     ; 0                 ; 0          ; 0    ; 0            ; |exp8|display_panel:D|lpm_divide:Mod0|lpm_divide_82m:auto_generated|sign_div_unsign_bkh:divider|alt_u_div_sse:divider ; alt_u_div_sse       ; work         ;
;    |div_N:A|                              ; 42 (42)             ; 33 (33)                   ; 0                 ; 0          ; 0    ; 0            ; |exp8|div_N:A                                                                                                         ; div_N               ; work         ;
;    |process:C|                            ; 26 (26)             ; 0 (0)                     ; 0                 ; 0          ; 0    ; 0            ; |exp8|process:C                                                                                                       ; process             ; work         ;
;    |ps2_keyboard:B|                       ; 51 (51)             ; 40 (40)                   ; 64                ; 0          ; 0    ; 0            ; |exp8|ps2_keyboard:B                                                                                                  ; ps2_keyboard        ; work         ;
;       |altsyncram:fifo_rtl_0|             ; 0 (0)               ; 0 (0)                     ; 64                ; 0          ; 0    ; 0            ; |exp8|ps2_keyboard:B|altsyncram:fifo_rtl_0                                                                            ; altsyncram          ; work         ;
;          |altsyncram_edi1:auto_generated| ; 0 (0)               ; 0 (0)                     ; 64                ; 0          ; 0    ; 0            ; |exp8|ps2_keyboard:B|altsyncram:fifo_rtl_0|altsyncram_edi1:auto_generated                                             ; altsyncram_edi1     ; work         ;
+-------------------------------------------+---------------------+---------------------------+-------------------+------------+------+--------------+-----------------------------------------------------------------------------------------------------------------------+---------------------+--------------+
Note: For table entries with two numbers listed, the numbers in parentheses indicate the number of resources of the given type used by the specific entity alone. The numbers listed outside of parentheses indicate the total resources of the given type used by the specific entity and all of its sub-entities in the hierarchy.


+------------------------------------------------------------------------------------------------------------------------------------------------------------------------------------+
; Analysis & Synthesis RAM Summary                                                                                                                                                   ;
+--------------------------------------------------------------------------------+------+------------------+--------------+--------------+--------------+--------------+------+------+
; Name                                                                           ; Type ; Mode             ; Port A Depth ; Port A Width ; Port B Depth ; Port B Width ; Size ; MIF  ;
+--------------------------------------------------------------------------------+------+------------------+--------------+--------------+--------------+--------------+------+------+
; ps2_keyboard:B|altsyncram:fifo_rtl_0|altsyncram_edi1:auto_generated|ALTSYNCRAM ; AUTO ; Simple Dual Port ; 8            ; 8            ; 8            ; 8            ; 64   ; None ;
+--------------------------------------------------------------------------------+------+------------------+--------------+--------------+--------------+--------------+------+------+


+--------------------------------------------------------------------------------------------------------+
; User-Specified and Inferred Latches                                                                    ;
+-----------------------------------------------------+-------------------------+------------------------+
; Latch Name                                          ; Latch Enable Signal     ; Free of Timing Hazards ;
+-----------------------------------------------------+-------------------------+------------------------+
; display_panel:D|HEX0[0]                             ; display_panel:D|HEX0[6] ; yes                    ;
; display_panel:D|HEX0[1]                             ; display_panel:D|HEX0[6] ; yes                    ;
; display_panel:D|HEX0[2]                             ; display_panel:D|HEX0[6] ; yes                    ;
; display_panel:D|HEX0[3]                             ; display_panel:D|HEX0[6] ; yes                    ;
; display_panel:D|HEX0[4]                             ; display_panel:D|HEX0[6] ; yes                    ;
; display_panel:D|HEX0[5]                             ; display_panel:D|HEX0[6] ; yes                    ;
; display_panel:D|HEX0[6]                             ; display_panel:D|HEX0[6] ; yes                    ;
; display_panel:D|HEX1[0]                             ; display_panel:D|HEX0[6] ; yes                    ;
; display_panel:D|HEX1[1]                             ; display_panel:D|HEX0[6] ; yes                    ;
; display_panel:D|HEX1[2]                             ; display_panel:D|HEX0[6] ; yes                    ;
; display_panel:D|HEX1[3]                             ; display_panel:D|HEX0[6] ; yes                    ;
; display_panel:D|HEX1[4]                             ; display_panel:D|HEX0[6] ; yes                    ;
; display_panel:D|HEX1[5]                             ; display_panel:D|HEX0[6] ; yes                    ;
; display_panel:D|HEX1[6]                             ; display_panel:D|HEX0[6] ; yes                    ;
; display_panel:D|HEX2[0]                             ; display_panel:D|HEX0[6] ; yes                    ;
; display_panel:D|HEX2[1]                             ; display_panel:D|HEX0[6] ; yes                    ;
; display_panel:D|HEX2[2]                             ; display_panel:D|HEX0[6] ; yes                    ;
; display_panel:D|HEX2[3]                             ; display_panel:D|HEX0[6] ; yes                    ;
; display_panel:D|HEX2[4]                             ; display_panel:D|HEX0[6] ; yes                    ;
; display_panel:D|HEX2[5]                             ; display_panel:D|HEX0[6] ; yes                    ;
; display_panel:D|HEX2[6]                             ; display_panel:D|HEX0[6] ; yes                    ;
; display_panel:D|HEX3[0]                             ; display_panel:D|HEX0[6] ; yes                    ;
; display_panel:D|HEX3[1]                             ; display_panel:D|HEX0[6] ; yes                    ;
; display_panel:D|HEX3[2]                             ; display_panel:D|HEX0[6] ; yes                    ;
; display_panel:D|HEX3[3]                             ; display_panel:D|HEX0[6] ; yes                    ;
; display_panel:D|HEX3[4]                             ; display_panel:D|HEX0[6] ; yes                    ;
; display_panel:D|HEX3[5]                             ; display_panel:D|HEX0[6] ; yes                    ;
; display_panel:D|HEX3[6]                             ; display_panel:D|HEX0[6] ; yes                    ;
; display_panel:D|HEX4[0]                             ; GND                     ; yes                    ;
; display_panel:D|HEX4[1]                             ; GND                     ; yes                    ;
; display_panel:D|HEX4[2]                             ; GND                     ; yes                    ;
; display_panel:D|HEX4[3]                             ; GND                     ; yes                    ;
; display_panel:D|HEX4[4]                             ; GND                     ; yes                    ;
; display_panel:D|HEX4[5]                             ; GND                     ; yes                    ;
; display_panel:D|HEX4[6]                             ; GND                     ; yes                    ;
; display_panel:D|HEX5[0]                             ; GND                     ; yes                    ;
; display_panel:D|HEX5[1]                             ; GND                     ; yes                    ;
; display_panel:D|HEX5[2]                             ; GND                     ; yes                    ;
; display_panel:D|HEX5[3]                             ; GND                     ; yes                    ;
; display_panel:D|HEX5[4]                             ; GND                     ; yes                    ;
; display_panel:D|HEX5[5]                             ; GND                     ; yes                    ;
; display_panel:D|HEX5[6]                             ; GND                     ; yes                    ;
; Number of user-specified and inferred latches = 42  ;                         ;                        ;
+-----------------------------------------------------+-------------------------+------------------------+
Note: All latches listed above may not be present at the end of synthesis due to various synthesis optimizations.


+--------------------------------------------------------------+
; Registers Removed During Synthesis                           ;
+---------------------------------------+----------------------+
; Register name                         ; Reason for Removal   ;
+---------------------------------------+----------------------+
; capslock_flag~reg0                    ; Merged with capslock ;
; shift_flag~reg0                       ; Merged with shift    ;
; Total Number of Removed Registers = 2 ;                      ;
+---------------------------------------+----------------------+


+------------------------------------------------------+
; General Register Statistics                          ;
+----------------------------------------------+-------+
; Statistic                                    ; Value ;
+----------------------------------------------+-------+
; Total registers                              ; 95    ;
; Number of registers using Synchronous Clear  ; 32    ;
; Number of registers using Synchronous Load   ; 0     ;
; Number of registers using Asynchronous Clear ; 0     ;
; Number of registers using Asynchronous Load  ; 0     ;
; Number of registers using Clock Enable       ; 23    ;
; Number of registers using Preset             ; 0     ;
+----------------------------------------------+-------+


+--------------------------------------------------+
; Inverted Register Statistics                     ;
+----------------------------------------+---------+
; Inverted Register                      ; Fan out ;
+----------------------------------------+---------+
; nextdata_n                             ; 4       ;
; pre                                    ; 6       ;
; Total number of inverted registers = 2 ;         ;
+----------------------------------------+---------+


+------------------------------------------------------------------+
; Registers Added for RAM Pass-Through Logic                       ;
+--------------------------------------+---------------------------+
; Register Name                        ; RAM Name                  ;
+--------------------------------------+---------------------------+
; ps2_keyboard:B|fifo_rtl_0_bypass[0]  ; ps2_keyboard:B|fifo_rtl_0 ;
; ps2_keyboard:B|fifo_rtl_0_bypass[1]  ; ps2_keyboard:B|fifo_rtl_0 ;
; ps2_keyboard:B|fifo_rtl_0_bypass[2]  ; ps2_keyboard:B|fifo_rtl_0 ;
; ps2_keyboard:B|fifo_rtl_0_bypass[3]  ; ps2_keyboard:B|fifo_rtl_0 ;
; ps2_keyboard:B|fifo_rtl_0_bypass[4]  ; ps2_keyboard:B|fifo_rtl_0 ;
; ps2_keyboard:B|fifo_rtl_0_bypass[5]  ; ps2_keyboard:B|fifo_rtl_0 ;
; ps2_keyboard:B|fifo_rtl_0_bypass[6]  ; ps2_keyboard:B|fifo_rtl_0 ;
; ps2_keyboard:B|fifo_rtl_0_bypass[7]  ; ps2_keyboard:B|fifo_rtl_0 ;
; ps2_keyboard:B|fifo_rtl_0_bypass[8]  ; ps2_keyboard:B|fifo_rtl_0 ;
; ps2_keyboard:B|fifo_rtl_0_bypass[9]  ; ps2_keyboard:B|fifo_rtl_0 ;
; ps2_keyboard:B|fifo_rtl_0_bypass[10] ; ps2_keyboard:B|fifo_rtl_0 ;
; ps2_keyboard:B|fifo_rtl_0_bypass[11] ; ps2_keyboard:B|fifo_rtl_0 ;
; ps2_keyboard:B|fifo_rtl_0_bypass[12] ; ps2_keyboard:B|fifo_rtl_0 ;
; ps2_keyboard:B|fifo_rtl_0_bypass[13] ; ps2_keyboard:B|fifo_rtl_0 ;
; ps2_keyboard:B|fifo_rtl_0_bypass[14] ; ps2_keyboard:B|fifo_rtl_0 ;
+--------------------------------------+---------------------------+


+---------------------------------------------------------------------------------------------------------------------------------------------+
; Multiplexer Restructuring Statistics (Restructuring Performed)                                                                              ;
+--------------------+-----------+---------------+----------------------+------------------------+------------+-------------------------------+
; Multiplexer Inputs ; Bus Width ; Baseline Area ; Area if Restructured ; Saving if Restructured ; Registered ; Example Multiplexer Output    ;
+--------------------+-----------+---------------+----------------------+------------------------+------------+-------------------------------+
; 3:1                ; 3 bits    ; 6 LEs         ; 3 LEs                ; 3 LEs                  ; Yes        ; |exp8|ps2_keyboard:B|w_ptr[0] ;
; 4:1                ; 4 bits    ; 8 LEs         ; 8 LEs                ; 0 LEs                  ; Yes        ; |exp8|ps2_keyboard:B|count[3] ;
; 3:1                ; 3 bits    ; 6 LEs         ; 6 LEs                ; 0 LEs                  ; No         ; |exp8|ps2_keyboard:B|r_ptr    ;
; 5:1                ; 3 bits    ; 9 LEs         ; 9 LEs                ; 0 LEs                  ; No         ; |exp8|display_panel:D|HEX4[0] ;
; 5:1                ; 3 bits    ; 9 LEs         ; 9 LEs                ; 0 LEs                  ; No         ; |exp8|display_panel:D|HEX5[6] ;
; 8:1                ; 2 bits    ; 10 LEs        ; 10 LEs               ; 0 LEs                  ; No         ; |exp8|display_panel:D|HEX2[1] ;
; 8:1                ; 2 bits    ; 10 LEs        ; 10 LEs               ; 0 LEs                  ; No         ; |exp8|display_panel:D|HEX3[1] ;
+--------------------+-----------+---------------+----------------------+------------------------+------------+-------------------------------+


+--------------------------------------------------------------------------------------------+
; Source assignments for ps2_keyboard:B|altsyncram:fifo_rtl_0|altsyncram_edi1:auto_generated ;
+---------------------------------+--------------------+------+------------------------------+
; Assignment                      ; Value              ; From ; To                           ;
+---------------------------------+--------------------+------+------------------------------+
; OPTIMIZE_POWER_DURING_SYNTHESIS ; NORMAL_COMPILATION ; -    ; -                            ;
+---------------------------------+--------------------+------+------------------------------+


+------------------------------------------------------+
; Parameter Settings for User Entity Instance: div_N:A ;
+----------------+-------+-----------------------------+
; Parameter Name ; Value ; Type                        ;
+----------------+-------+-----------------------------+
; N              ; 1000  ; Signed Integer              ;
+----------------+-------+-----------------------------+
Note: In order to hide this table in the UI and the text report file, please set the "Show Parameter Settings in Synthesis Report" option in "Analysis and Synthesis Settings -> More Settings" to "Off".


+---------------------------------------------------------------------------------------+
; Parameter Settings for Inferred Entity Instance: ps2_keyboard:B|altsyncram:fifo_rtl_0 ;
+------------------------------------+----------------------+---------------------------+
; Parameter Name                     ; Value                ; Type                      ;
+------------------------------------+----------------------+---------------------------+
; BYTE_SIZE_BLOCK                    ; 8                    ; Untyped                   ;
; AUTO_CARRY_CHAINS                  ; ON                   ; AUTO_CARRY                ;
; IGNORE_CARRY_BUFFERS               ; OFF                  ; IGNORE_CARRY              ;
; AUTO_CASCADE_CHAINS                ; ON                   ; AUTO_CASCADE              ;
; IGNORE_CASCADE_BUFFERS             ; OFF                  ; IGNORE_CASCADE            ;
; WIDTH_BYTEENA                      ; 1                    ; Untyped                   ;
; OPERATION_MODE                     ; DUAL_PORT            ; Untyped                   ;
; WIDTH_A                            ; 8                    ; Untyped                   ;
; WIDTHAD_A                          ; 3                    ; Untyped                   ;
; NUMWORDS_A                         ; 8                    ; Untyped                   ;
; OUTDATA_REG_A                      ; UNREGISTERED         ; Untyped                   ;
; ADDRESS_ACLR_A                     ; NONE                 ; Untyped                   ;
; OUTDATA_ACLR_A                     ; NONE                 ; Untyped                   ;
; WRCONTROL_ACLR_A                   ; NONE                 ; Untyped                   ;
; INDATA_ACLR_A                      ; NONE                 ; Untyped                   ;
; BYTEENA_ACLR_A                     ; NONE                 ; Untyped                   ;
; WIDTH_B                            ; 8                    ; Untyped                   ;
; WIDTHAD_B                          ; 3                    ; Untyped                   ;
; NUMWORDS_B                         ; 8                    ; Untyped                   ;
; INDATA_REG_B                       ; CLOCK1               ; Untyped                   ;
; WRCONTROL_WRADDRESS_REG_B          ; CLOCK1               ; Untyped                   ;
; RDCONTROL_REG_B                    ; CLOCK1               ; Untyped                   ;
; ADDRESS_REG_B                      ; CLOCK0               ; Untyped                   ;
; OUTDATA_REG_B                      ; UNREGISTERED         ; Untyped                   ;
; BYTEENA_REG_B                      ; CLOCK1               ; Untyped                   ;
; INDATA_ACLR_B                      ; NONE                 ; Untyped                   ;
; WRCONTROL_ACLR_B                   ; NONE                 ; Untyped                   ;
; ADDRESS_ACLR_B                     ; NONE                 ; Untyped                   ;
; OUTDATA_ACLR_B                     ; NONE                 ; Untyped                   ;
; RDCONTROL_ACLR_B                   ; NONE                 ; Untyped                   ;
; BYTEENA_ACLR_B                     ; NONE                 ; Untyped                   ;
; WIDTH_BYTEENA_A                    ; 1                    ; Untyped                   ;
; WIDTH_BYTEENA_B                    ; 1                    ; Untyped                   ;
; RAM_BLOCK_TYPE                     ; AUTO                 ; Untyped                   ;
; BYTE_SIZE                          ; 8                    ; Untyped                   ;
; READ_DURING_WRITE_MODE_MIXED_PORTS ; DONT_CARE            ; Untyped                   ;
; READ_DURING_WRITE_MODE_PORT_A      ; NEW_DATA_NO_NBE_READ ; Untyped                   ;
; READ_DURING_WRITE_MODE_PORT_B      ; NEW_DATA_NO_NBE_READ ; Untyped                   ;
; INIT_FILE                          ; UNUSED               ; Untyped                   ;
; INIT_FILE_LAYOUT                   ; PORT_A               ; Untyped                   ;
; MAXIMUM_DEPTH                      ; 0                    ; Untyped                   ;
; CLOCK_ENABLE_INPUT_A               ; NORMAL               ; Untyped                   ;
; CLOCK_ENABLE_INPUT_B               ; NORMAL               ; Untyped                   ;
; CLOCK_ENABLE_OUTPUT_A              ; NORMAL               ; Untyped                   ;
; CLOCK_ENABLE_OUTPUT_B              ; NORMAL               ; Untyped                   ;
; CLOCK_ENABLE_CORE_A                ; USE_INPUT_CLKEN      ; Untyped                   ;
; CLOCK_ENABLE_CORE_B                ; USE_INPUT_CLKEN      ; Untyped                   ;
; ENABLE_ECC                         ; FALSE                ; Untyped                   ;
; ECC_PIPELINE_STAGE_ENABLED         ; FALSE                ; Untyped                   ;
; WIDTH_ECCSTATUS                    ; 3                    ; Untyped                   ;
; DEVICE_FAMILY                      ; Cyclone V            ; Untyped                   ;
; CBXI_PARAMETER                     ; altsyncram_edi1      ; Untyped                   ;
+------------------------------------+----------------------+---------------------------+
Note: In order to hide this table in the UI and the text report file, please set the "Show Parameter Settings in Synthesis Report" option in "Analysis and Synthesis Settings -> More Settings" to "Off".


+----------------------------------------------------------------------------------+
; Parameter Settings for Inferred Entity Instance: display_panel:D|lpm_divide:Mod0 ;
+------------------------+----------------+----------------------------------------+
; Parameter Name         ; Value          ; Type                                   ;
+------------------------+----------------+----------------------------------------+
; LPM_WIDTHN             ; 8              ; Untyped                                ;
; LPM_WIDTHD             ; 4              ; Untyped                                ;
; LPM_NREPRESENTATION    ; UNSIGNED       ; Untyped                                ;
; LPM_DREPRESENTATION    ; UNSIGNED       ; Untyped                                ;
; LPM_PIPELINE           ; 0              ; Untyped                                ;
; LPM_REMAINDERPOSITIVE  ; TRUE           ; Untyped                                ;
; MAXIMIZE_SPEED         ; 5              ; Untyped                                ;
; CBXI_PARAMETER         ; lpm_divide_82m ; Untyped                                ;
; CARRY_CHAIN            ; MANUAL         ; Untyped                                ;
; OPTIMIZE_FOR_SPEED     ; 5              ; Untyped                                ;
; AUTO_CARRY_CHAINS      ; ON             ; AUTO_CARRY                             ;
; IGNORE_CARRY_BUFFERS   ; OFF            ; IGNORE_CARRY                           ;
; AUTO_CASCADE_CHAINS    ; ON             ; AUTO_CASCADE                           ;
; IGNORE_CASCADE_BUFFERS ; OFF            ; IGNORE_CASCADE                         ;
+------------------------+----------------+----------------------------------------+
Note: In order to hide this table in the UI and the text report file, please set the "Show Parameter Settings in Synthesis Report" option in "Analysis and Synthesis Settings -> More Settings" to "Off".


+----------------------------------------------------------------------------------+
; Parameter Settings for Inferred Entity Instance: display_panel:D|lpm_divide:Div0 ;
+------------------------+----------------+----------------------------------------+
; Parameter Name         ; Value          ; Type                                   ;
+------------------------+----------------+----------------------------------------+
; LPM_WIDTHN             ; 8              ; Untyped                                ;
; LPM_WIDTHD             ; 4              ; Untyped                                ;
; LPM_NREPRESENTATION    ; UNSIGNED       ; Untyped                                ;
; LPM_DREPRESENTATION    ; UNSIGNED       ; Untyped                                ;
; LPM_PIPELINE           ; 0              ; Untyped                                ;
; LPM_REMAINDERPOSITIVE  ; TRUE           ; Untyped                                ;
; MAXIMIZE_SPEED         ; 5              ; Untyped                                ;
; CBXI_PARAMETER         ; lpm_divide_5am ; Untyped                                ;
; CARRY_CHAIN            ; MANUAL         ; Untyped                                ;
; OPTIMIZE_FOR_SPEED     ; 5              ; Untyped                                ;
; AUTO_CARRY_CHAINS      ; ON             ; AUTO_CARRY                             ;
; IGNORE_CARRY_BUFFERS   ; OFF            ; IGNORE_CARRY                           ;
; AUTO_CASCADE_CHAINS    ; ON             ; AUTO_CASCADE                           ;
; IGNORE_CASCADE_BUFFERS ; OFF            ; IGNORE_CASCADE                         ;
+------------------------+----------------+----------------------------------------+
Note: In order to hide this table in the UI and the text report file, please set the "Show Parameter Settings in Synthesis Report" option in "Analysis and Synthesis Settings -> More Settings" to "Off".


+----------------------------------------------------------------------------------+
; altsyncram Parameter Settings by Entity Instance                                 ;
+-------------------------------------------+--------------------------------------+
; Name                                      ; Value                                ;
+-------------------------------------------+--------------------------------------+
; Number of entity instances                ; 1                                    ;
; Entity Instance                           ; ps2_keyboard:B|altsyncram:fifo_rtl_0 ;
;     -- OPERATION_MODE                     ; DUAL_PORT                            ;
;     -- WIDTH_A                            ; 8                                    ;
;     -- NUMWORDS_A                         ; 8                                    ;
;     -- OUTDATA_REG_A                      ; UNREGISTERED                         ;
;     -- WIDTH_B                            ; 8                                    ;
;     -- NUMWORDS_B                         ; 8                                    ;
;     -- ADDRESS_REG_B                      ; CLOCK0                               ;
;     -- OUTDATA_REG_B                      ; UNREGISTERED                         ;
;     -- RAM_BLOCK_TYPE                     ; AUTO                                 ;
;     -- READ_DURING_WRITE_MODE_MIXED_PORTS ; DONT_CARE                            ;
+-------------------------------------------+--------------------------------------+


+-----------------------------------------------------+
; Post-Synthesis Netlist Statistics for Top Partition ;
+-----------------------+-----------------------------+
; Type                  ; Count                       ;
+-----------------------+-----------------------------+
; arriav_ff             ; 95                          ;
;     ENA               ; 23                          ;
;     SCLR              ; 32                          ;
;     plain             ; 40                          ;
; arriav_lcell_comb     ; 345                         ;
;     arith             ; 95                          ;
;         0 data inputs ; 16                          ;
;         1 data inputs ; 46                          ;
;         2 data inputs ; 5                           ;
;         3 data inputs ; 22                          ;
;         4 data inputs ; 6                           ;
;     normal            ; 240                         ;
;         1 data inputs ; 1                           ;
;         2 data inputs ; 31                          ;
;         3 data inputs ; 70                          ;
;         4 data inputs ; 58                          ;
;         5 data inputs ; 36                          ;
;         6 data inputs ; 44                          ;
;     shared            ; 10                          ;
;         0 data inputs ; 2                           ;
;         1 data inputs ; 8                           ;
; boundary_port         ; 51                          ;
; stratixv_ram_block    ; 8                           ;
;                       ;                             ;
; Max LUT depth         ; 10.90                       ;
; Average LUT depth     ; 5.32                        ;
+-----------------------+-----------------------------+


+-------------------------------+
; Elapsed Time Per Partition    ;
+----------------+--------------+
; Partition Name ; Elapsed Time ;
+----------------+--------------+
; Top            ; 00:00:02     ;
+----------------+--------------+


+-------------------------------+
; Analysis & Synthesis Messages ;
+-------------------------------+
Info: *******************************************************************
Info: Running Quartus Prime Analysis & Synthesis
    Info: Version 17.1.0 Build 590 10/25/2017 SJ Lite Edition
    Info: Processing started: Mon Nov 23 20:55:17 2020
Info: Command: quartus_map --read_settings_files=on --write_settings_files=off exp8 -c exp8
Warning (18236): Number of processors has not been specified which may cause overloading on shared machines.  Set the global assignment NUM_PARALLEL_PROCESSORS in your QSF to an appropriate value for best performance.
Info (20030): Parallel compilation is enabled and will use 4 of the 4 processors detected
Info (12021): Found 1 design units, including 1 entities, in source file ps2_keyboard.v
    Info (12023): Found entity 1: ps2_keyboard File: C:/Users/44254/Desktop/digit_design_exp/exp8/ps2_keyboard.v Line: 1
Info (12021): Found 1 design units, including 1 entities, in source file process.v
    Info (12023): Found entity 1: process File: C:/Users/44254/Desktop/digit_design_exp/exp8/process.v Line: 1
Info (12021): Found 1 design units, including 1 entities, in source file exp8.v
    Info (12023): Found entity 1: exp8 File: C:/Users/44254/Desktop/digit_design_exp/exp8/exp8.v Line: 1
Info (12021): Found 1 design units, including 1 entities, in source file display_panel.v
    Info (12023): Found entity 1: display_panel File: C:/Users/44254/Desktop/digit_design_exp/exp8/display_panel.v Line: 1
Info (12021): Found 1 design units, including 1 entities, in source file div_n.v
    Info (12023): Found entity 1: div_N File: C:/Users/44254/Desktop/digit_design_exp/exp8/div_N.v Line: 1
Info (12127): Elaborating entity "exp8" for the top level hierarchy
Warning (10036): Verilog HDL or VHDL warning at exp8.v(23): object "ctrl" assigned a value but never read File: C:/Users/44254/Desktop/digit_design_exp/exp8/exp8.v Line: 23
Warning (10230): Verilog HDL assignment warning at exp8.v(98): truncated value with size 32 to match size of target (8) File: C:/Users/44254/Desktop/digit_design_exp/exp8/exp8.v Line: 98
Info (12128): Elaborating entity "div_N" for hierarchy "div_N:A" File: C:/Users/44254/Desktop/digit_design_exp/exp8/exp8.v Line: 114
Warning (10230): Verilog HDL assignment warning at div_N.v(9): truncated value with size 32 to match size of target (1) File: C:/Users/44254/Desktop/digit_design_exp/exp8/div_N.v Line: 9
Info (12128): Elaborating entity "ps2_keyboard" for hierarchy "ps2_keyboard:B" File: C:/Users/44254/Desktop/digit_design_exp/exp8/exp8.v Line: 115
Info (12128): Elaborating entity "process" for hierarchy "process:C" File: C:/Users/44254/Desktop/digit_design_exp/exp8/exp8.v Line: 116
Warning (10858): Verilog HDL warning at process.v(5): object lut used but never assigned File: C:/Users/44254/Desktop/digit_design_exp/exp8/process.v Line: 5
Info (12128): Elaborating entity "display_panel" for hierarchy "display_panel:D" File: C:/Users/44254/Desktop/digit_design_exp/exp8/exp8.v Line: 117
Warning (10230): Verilog HDL assignment warning at display_panel.v(21): truncated value with size 32 to match size of target (8) File: C:/Users/44254/Desktop/digit_design_exp/exp8/display_panel.v Line: 21
Warning (10230): Verilog HDL assignment warning at display_panel.v(27): truncated value with size 32 to match size of target (8) File: C:/Users/44254/Desktop/digit_design_exp/exp8/display_panel.v Line: 27
Warning (10240): Verilog HDL Always Construct warning at display_panel.v(18): inferring latch(es) for variable "HEX1", which holds its previous value in one or more paths through the always construct File: C:/Users/44254/Desktop/digit_design_exp/exp8/display_panel.v Line: 18
Warning (10240): Verilog HDL Always Construct warning at display_panel.v(18): inferring latch(es) for variable "HEX0", which holds its previous value in one or more paths through the always construct File: C:/Users/44254/Desktop/digit_design_exp/exp8/display_panel.v Line: 18
Warning (10240): Verilog HDL Always Construct warning at display_panel.v(18): inferring latch(es) for variable "HEX2", which holds its previous value in one or more paths through the always construct File: C:/Users/44254/Desktop/digit_design_exp/exp8/display_panel.v Line: 18
Warning (10240): Verilog HDL Always Construct warning at display_panel.v(18): inferring latch(es) for variable "HEX3", which holds its previous value in one or more paths through the always construct File: C:/Users/44254/Desktop/digit_design_exp/exp8/display_panel.v Line: 18
Warning (10240): Verilog HDL Always Construct warning at display_panel.v(204): inferring latch(es) for variable "HEX4", which holds its previous value in one or more paths through the always construct File: C:/Users/44254/Desktop/digit_design_exp/exp8/display_panel.v Line: 204
Warning (10240): Verilog HDL Always Construct warning at display_panel.v(204): inferring latch(es) for variable "HEX5", which holds its previous value in one or more paths through the always construct File: C:/Users/44254/Desktop/digit_design_exp/exp8/display_panel.v Line: 204
Info (10041): Inferred latch for "HEX5[0]" at display_panel.v(227) File: C:/Users/44254/Desktop/digit_design_exp/exp8/display_panel.v Line: 227
Info (10041): Inferred latch for "HEX5[1]" at display_panel.v(227) File: C:/Users/44254/Desktop/digit_design_exp/exp8/display_panel.v Line: 227
Info (10041): Inferred latch for "HEX5[2]" at display_panel.v(227) File: C:/Users/44254/Desktop/digit_design_exp/exp8/display_panel.v Line: 227
Info (10041): Inferred latch for "HEX5[3]" at display_panel.v(227) File: C:/Users/44254/Desktop/digit_design_exp/exp8/display_panel.v Line: 227
Info (10041): Inferred latch for "HEX5[4]" at display_panel.v(227) File: C:/Users/44254/Desktop/digit_design_exp/exp8/display_panel.v Line: 227
Info (10041): Inferred latch for "HEX5[5]" at display_panel.v(227) File: C:/Users/44254/Desktop/digit_design_exp/exp8/display_panel.v Line: 227
Info (10041): Inferred latch for "HEX5[6]" at display_panel.v(227) File: C:/Users/44254/Desktop/digit_design_exp/exp8/display_panel.v Line: 227
Info (10041): Inferred latch for "HEX4[0]" at display_panel.v(206) File: C:/Users/44254/Desktop/digit_design_exp/exp8/display_panel.v Line: 206
Info (10041): Inferred latch for "HEX4[1]" at display_panel.v(206) File: C:/Users/44254/Desktop/digit_design_exp/exp8/display_panel.v Line: 206
Info (10041): Inferred latch for "HEX4[2]" at display_panel.v(206) File: C:/Users/44254/Desktop/digit_design_exp/exp8/display_panel.v Line: 206
Info (10041): Inferred latch for "HEX4[3]" at display_panel.v(206) File: C:/Users/44254/Desktop/digit_design_exp/exp8/display_panel.v Line: 206
Info (10041): Inferred latch for "HEX4[4]" at display_panel.v(206) File: C:/Users/44254/Desktop/digit_design_exp/exp8/display_panel.v Line: 206
Info (10041): Inferred latch for "HEX4[5]" at display_panel.v(206) File: C:/Users/44254/Desktop/digit_design_exp/exp8/display_panel.v Line: 206
Info (10041): Inferred latch for "HEX4[6]" at display_panel.v(206) File: C:/Users/44254/Desktop/digit_design_exp/exp8/display_panel.v Line: 206
Info (10041): Inferred latch for "HEX3[0]" at display_panel.v(23) File: C:/Users/44254/Desktop/digit_design_exp/exp8/display_panel.v Line: 23
Info (10041): Inferred latch for "HEX3[1]" at display_panel.v(23) File: C:/Users/44254/Desktop/digit_design_exp/exp8/display_panel.v Line: 23
Info (10041): Inferred latch for "HEX3[2]" at display_panel.v(23) File: C:/Users/44254/Desktop/digit_design_exp/exp8/display_panel.v Line: 23
Info (10041): Inferred latch for "HEX3[3]" at display_panel.v(23) File: C:/Users/44254/Desktop/digit_design_exp/exp8/display_panel.v Line: 23
Info (10041): Inferred latch for "HEX3[4]" at display_panel.v(23) File: C:/Users/44254/Desktop/digit_design_exp/exp8/display_panel.v Line: 23
Info (10041): Inferred latch for "HEX3[5]" at display_panel.v(23) File: C:/Users/44254/Desktop/digit_design_exp/exp8/display_panel.v Line: 23
Info (10041): Inferred latch for "HEX3[6]" at display_panel.v(23) File: C:/Users/44254/Desktop/digit_design_exp/exp8/display_panel.v Line: 23
Info (10041): Inferred latch for "HEX2[0]" at display_panel.v(23) File: C:/Users/44254/Desktop/digit_design_exp/exp8/display_panel.v Line: 23
Info (10041): Inferred latch for "HEX2[1]" at display_panel.v(23) File: C:/Users/44254/Desktop/digit_design_exp/exp8/display_panel.v Line: 23
Info (10041): Inferred latch for "HEX2[2]" at display_panel.v(23) File: C:/Users/44254/Desktop/digit_design_exp/exp8/display_panel.v Line: 23
Info (10041): Inferred latch for "HEX2[3]" at display_panel.v(23) File: C:/Users/44254/Desktop/digit_design_exp/exp8/display_panel.v Line: 23
Info (10041): Inferred latch for "HEX2[4]" at display_panel.v(23) File: C:/Users/44254/Desktop/digit_design_exp/exp8/display_panel.v Line: 23
Info (10041): Inferred latch for "HEX2[5]" at display_panel.v(23) File: C:/Users/44254/Desktop/digit_design_exp/exp8/display_panel.v Line: 23
Info (10041): Inferred latch for "HEX2[6]" at display_panel.v(23) File: C:/Users/44254/Desktop/digit_design_exp/exp8/display_panel.v Line: 23
Info (10041): Inferred latch for "HEX0[0]" at display_panel.v(23) File: C:/Users/44254/Desktop/digit_design_exp/exp8/display_panel.v Line: 23
Info (10041): Inferred latch for "HEX0[1]" at display_panel.v(23) File: C:/Users/44254/Desktop/digit_design_exp/exp8/display_panel.v Line: 23
Info (10041): Inferred latch for "HEX0[2]" at display_panel.v(23) File: C:/Users/44254/Desktop/digit_design_exp/exp8/display_panel.v Line: 23
Info (10041): Inferred latch for "HEX0[3]" at display_panel.v(23) File: C:/Users/44254/Desktop/digit_design_exp/exp8/display_panel.v Line: 23
Info (10041): Inferred latch for "HEX0[4]" at display_panel.v(23) File: C:/Users/44254/Desktop/digit_design_exp/exp8/display_panel.v Line: 23
Info (10041): Inferred latch for "HEX0[5]" at display_panel.v(23) File: C:/Users/44254/Desktop/digit_design_exp/exp8/display_panel.v Line: 23
Info (10041): Inferred latch for "HEX0[6]" at display_panel.v(23) File: C:/Users/44254/Desktop/digit_design_exp/exp8/display_panel.v Line: 23
Info (10041): Inferred latch for "HEX1[0]" at display_panel.v(23) File: C:/Users/44254/Desktop/digit_design_exp/exp8/display_panel.v Line: 23
Info (10041): Inferred latch for "HEX1[1]" at display_panel.v(23) File: C:/Users/44254/Desktop/digit_design_exp/exp8/display_panel.v Line: 23
Info (10041): Inferred latch for "HEX1[2]" at display_panel.v(23) File: C:/Users/44254/Desktop/digit_design_exp/exp8/display_panel.v Line: 23
Info (10041): Inferred latch for "HEX1[3]" at display_panel.v(23) File: C:/Users/44254/Desktop/digit_design_exp/exp8/display_panel.v Line: 23
Info (10041): Inferred latch for "HEX1[4]" at display_panel.v(23) File: C:/Users/44254/Desktop/digit_design_exp/exp8/display_panel.v Line: 23
Info (10041): Inferred latch for "HEX1[5]" at display_panel.v(23) File: C:/Users/44254/Desktop/digit_design_exp/exp8/display_panel.v Line: 23
Info (10041): Inferred latch for "HEX1[6]" at display_panel.v(23) File: C:/Users/44254/Desktop/digit_design_exp/exp8/display_panel.v Line: 23
Warning (276020): Inferred RAM node "ps2_keyboard:B|fifo_rtl_0" from synchronous design logic.  Pass-through logic has been added to match the read-during-write behavior of the original design.
Info (19000): Inferred 1 megafunctions from design logic
    Info (276029): Inferred altsyncram megafunction from the following design logic: "ps2_keyboard:B|fifo_rtl_0" 
        Info (286033): Parameter OPERATION_MODE set to DUAL_PORT
        Info (286033): Parameter WIDTH_A set to 8
        Info (286033): Parameter WIDTHAD_A set to 3
        Info (286033): Parameter NUMWORDS_A set to 8
        Info (286033): Parameter WIDTH_B set to 8
        Info (286033): Parameter WIDTHAD_B set to 3
        Info (286033): Parameter NUMWORDS_B set to 8
        Info (286033): Parameter ADDRESS_ACLR_A set to NONE
        Info (286033): Parameter OUTDATA_REG_B set to UNREGISTERED
        Info (286033): Parameter ADDRESS_ACLR_B set to NONE
        Info (286033): Parameter OUTDATA_ACLR_B set to NONE
        Info (286033): Parameter ADDRESS_REG_B set to CLOCK0
        Info (286033): Parameter INDATA_ACLR_A set to NONE
        Info (286033): Parameter WRCONTROL_ACLR_A set to NONE
Info (278001): Inferred 2 megafunctions from design logic
    Info (278004): Inferred divider/modulo megafunction ("lpm_divide") from the following logic: "display_panel:D|Mod0" File: C:/Users/44254/Desktop/digit_design_exp/exp8/display_panel.v Line: 204
    Info (278004): Inferred divider/modulo megafunction ("lpm_divide") from the following logic: "display_panel:D|Div0" File: C:/Users/44254/Desktop/digit_design_exp/exp8/display_panel.v Line: 225
Info (12130): Elaborated megafunction instantiation "ps2_keyboard:B|altsyncram:fifo_rtl_0"
Info (12133): Instantiated megafunction "ps2_keyboard:B|altsyncram:fifo_rtl_0" with the following parameter:
    Info (12134): Parameter "OPERATION_MODE" = "DUAL_PORT"
    Info (12134): Parameter "WIDTH_A" = "8"
    Info (12134): Parameter "WIDTHAD_A" = "3"
    Info (12134): Parameter "NUMWORDS_A" = "8"
    Info (12134): Parameter "WIDTH_B" = "8"
    Info (12134): Parameter "WIDTHAD_B" = "3"
    Info (12134): Parameter "NUMWORDS_B" = "8"
    Info (12134): Parameter "ADDRESS_ACLR_A" = "NONE"
    Info (12134): Parameter "OUTDATA_REG_B" = "UNREGISTERED"
    Info (12134): Parameter "ADDRESS_ACLR_B" = "NONE"
    Info (12134): Parameter "OUTDATA_ACLR_B" = "NONE"
    Info (12134): Parameter "ADDRESS_REG_B" = "CLOCK0"
    Info (12134): Parameter "INDATA_ACLR_A" = "NONE"
    Info (12134): Parameter "WRCONTROL_ACLR_A" = "NONE"
Info (12021): Found 1 design units, including 1 entities, in source file db/altsyncram_edi1.tdf
    Info (12023): Found entity 1: altsyncram_edi1 File: C:/Users/44254/Desktop/digit_design_exp/exp8/db/altsyncram_edi1.tdf Line: 27
Info (12130): Elaborated megafunction instantiation "display_panel:D|lpm_divide:Mod0" File: C:/Users/44254/Desktop/digit_design_exp/exp8/display_panel.v Line: 204
Info (12133): Instantiated megafunction "display_panel:D|lpm_divide:Mod0" with the following parameter: File: C:/Users/44254/Desktop/digit_design_exp/exp8/display_panel.v Line: 204
    Info (12134): Parameter "LPM_WIDTHN" = "8"
    Info (12134): Parameter "LPM_WIDTHD" = "4"
    Info (12134): Parameter "LPM_NREPRESENTATION" = "UNSIGNED"
    Info (12134): Parameter "LPM_DREPRESENTATION" = "UNSIGNED"
Info (12021): Found 1 design units, including 1 entities, in source file db/lpm_divide_82m.tdf
    Info (12023): Found entity 1: lpm_divide_82m File: C:/Users/44254/Desktop/digit_design_exp/exp8/db/lpm_divide_82m.tdf Line: 24
Info (12021): Found 1 design units, including 1 entities, in source file db/sign_div_unsign_bkh.tdf
    Info (12023): Found entity 1: sign_div_unsign_bkh File: C:/Users/44254/Desktop/digit_design_exp/exp8/db/sign_div_unsign_bkh.tdf Line: 24
Info (12021): Found 1 design units, including 1 entities, in source file db/alt_u_div_sse.tdf
    Info (12023): Found entity 1: alt_u_div_sse File: C:/Users/44254/Desktop/digit_design_exp/exp8/db/alt_u_div_sse.tdf Line: 22
Info (12130): Elaborated megafunction instantiation "display_panel:D|lpm_divide:Div0" File: C:/Users/44254/Desktop/digit_design_exp/exp8/display_panel.v Line: 225
Info (12133): Instantiated megafunction "display_panel:D|lpm_divide:Div0" with the following parameter: File: C:/Users/44254/Desktop/digit_design_exp/exp8/display_panel.v Line: 225
    Info (12134): Parameter "LPM_WIDTHN" = "8"
    Info (12134): Parameter "LPM_WIDTHD" = "4"
    Info (12134): Parameter "LPM_NREPRESENTATION" = "UNSIGNED"
    Info (12134): Parameter "LPM_DREPRESENTATION" = "UNSIGNED"
Info (12021): Found 1 design units, including 1 entities, in source file db/lpm_divide_5am.tdf
    Info (12023): Found entity 1: lpm_divide_5am File: C:/Users/44254/Desktop/digit_design_exp/exp8/db/lpm_divide_5am.tdf Line: 24
Warning (13012): Latch display_panel:D|HEX0[0] has unsafe behavior File: C:/Users/44254/Desktop/digit_design_exp/exp8/display_panel.v Line: 23
    Warning (13013): Ports D and ENA on the latch are fed by the same signal data_out[1] File: C:/Users/44254/Desktop/digit_design_exp/exp8/exp8.v Line: 45
Warning (13012): Latch display_panel:D|HEX0[1] has unsafe behavior File: C:/Users/44254/Desktop/digit_design_exp/exp8/display_panel.v Line: 23
    Warning (13013): Ports D and ENA on the latch are fed by the same signal data_out[2] File: C:/Users/44254/Desktop/digit_design_exp/exp8/exp8.v Line: 45
Warning (13012): Latch display_panel:D|HEX0[2] has unsafe behavior File: C:/Users/44254/Desktop/digit_design_exp/exp8/display_panel.v Line: 23
    Warning (13013): Ports D and ENA on the latch are fed by the same signal data_out[2] File: C:/Users/44254/Desktop/digit_design_exp/exp8/exp8.v Line: 45
Warning (13012): Latch display_panel:D|HEX0[3] has unsafe behavior File: C:/Users/44254/Desktop/digit_design_exp/exp8/display_panel.v Line: 23
    Warning (13013): Ports D and ENA on the latch are fed by the same signal data_out[3] File: C:/Users/44254/Desktop/digit_design_exp/exp8/exp8.v Line: 45
Warning (13012): Latch display_panel:D|HEX0[4] has unsafe behavior File: C:/Users/44254/Desktop/digit_design_exp/exp8/display_panel.v Line: 23
    Warning (13013): Ports D and ENA on the latch are fed by the same signal data_out[3] File: C:/Users/44254/Desktop/digit_design_exp/exp8/exp8.v Line: 45
Warning (13012): Latch display_panel:D|HEX0[5] has unsafe behavior File: C:/Users/44254/Desktop/digit_design_exp/exp8/display_panel.v Line: 23
    Warning (13013): Ports D and ENA on the latch are fed by the same signal data_out[2] File: C:/Users/44254/Desktop/digit_design_exp/exp8/exp8.v Line: 45
Warning (13012): Latch display_panel:D|HEX0[6] has unsafe behavior File: C:/Users/44254/Desktop/digit_design_exp/exp8/display_panel.v Line: 23
    Warning (13013): Ports D and ENA on the latch are fed by the same signal data_out[3] File: C:/Users/44254/Desktop/digit_design_exp/exp8/exp8.v Line: 45
Warning (13012): Latch display_panel:D|HEX1[0] has unsafe behavior File: C:/Users/44254/Desktop/digit_design_exp/exp8/display_panel.v Line: 23
    Warning (13013): Ports D and ENA on the latch are fed by the same signal data_out[4] File: C:/Users/44254/Desktop/digit_design_exp/exp8/exp8.v Line: 45
Warning (13012): Latch display_panel:D|HEX1[1] has unsafe behavior File: C:/Users/44254/Desktop/digit_design_exp/exp8/display_panel.v Line: 23
    Warning (13013): Ports D and ENA on the latch are fed by the same signal data_out[4] File: C:/Users/44254/Desktop/digit_design_exp/exp8/exp8.v Line: 45
Warning (13012): Latch display_panel:D|HEX1[2] has unsafe behavior File: C:/Users/44254/Desktop/digit_design_exp/exp8/display_panel.v Line: 23
    Warning (13013): Ports D and ENA on the latch are fed by the same signal data_out[6] File: C:/Users/44254/Desktop/digit_design_exp/exp8/exp8.v Line: 45
Warning (13012): Latch display_panel:D|HEX1[3] has unsafe behavior File: C:/Users/44254/Desktop/digit_design_exp/exp8/display_panel.v Line: 23
    Warning (13013): Ports D and ENA on the latch are fed by the same signal data_out[7] File: C:/Users/44254/Desktop/digit_design_exp/exp8/exp8.v Line: 45
Warning (13012): Latch display_panel:D|HEX1[4] has unsafe behavior File: C:/Users/44254/Desktop/digit_design_exp/exp8/display_panel.v Line: 23
    Warning (13013): Ports D and ENA on the latch are fed by the same signal data_out[7] File: C:/Users/44254/Desktop/digit_design_exp/exp8/exp8.v Line: 45
Warning (13012): Latch display_panel:D|HEX1[5] has unsafe behavior File: C:/Users/44254/Desktop/digit_design_exp/exp8/display_panel.v Line: 23
    Warning (13013): Ports D and ENA on the latch are fed by the same signal data_out[4] File: C:/Users/44254/Desktop/digit_design_exp/exp8/exp8.v Line: 45
Warning (13012): Latch display_panel:D|HEX1[6] has unsafe behavior File: C:/Users/44254/Desktop/digit_design_exp/exp8/display_panel.v Line: 23
    Warning (13013): Ports D and ENA on the latch are fed by the same signal data_out[7] File: C:/Users/44254/Desktop/digit_design_exp/exp8/exp8.v Line: 45
Warning (13012): Latch display_panel:D|HEX2[0] has unsafe behavior File: C:/Users/44254/Desktop/digit_design_exp/exp8/display_panel.v Line: 23
    Warning (13013): Ports D and ENA on the latch are fed by the same signal data_out[7] File: C:/Users/44254/Desktop/digit_design_exp/exp8/exp8.v Line: 45
Warning (13012): Latch display_panel:D|HEX2[1] has unsafe behavior File: C:/Users/44254/Desktop/digit_design_exp/exp8/display_panel.v Line: 23
    Warning (13013): Ports D and ENA on the latch are fed by the same signal data_out[7] File: C:/Users/44254/Desktop/digit_design_exp/exp8/exp8.v Line: 45
Warning (13012): Latch display_panel:D|HEX2[2] has unsafe behavior File: C:/Users/44254/Desktop/digit_design_exp/exp8/display_panel.v Line: 23
    Warning (13013): Ports D and ENA on the latch are fed by the same signal data_out[7] File: C:/Users/44254/Desktop/digit_design_exp/exp8/exp8.v Line: 45
Warning (13012): Latch display_panel:D|HEX2[3] has unsafe behavior File: C:/Users/44254/Desktop/digit_design_exp/exp8/display_panel.v Line: 23
    Warning (13013): Ports D and ENA on the latch are fed by the same signal data_out[7] File: C:/Users/44254/Desktop/digit_design_exp/exp8/exp8.v Line: 45
Warning (13012): Latch display_panel:D|HEX2[4] has unsafe behavior File: C:/Users/44254/Desktop/digit_design_exp/exp8/display_panel.v Line: 23
    Warning (13013): Ports D and ENA on the latch are fed by the same signal data_out[7] File: C:/Users/44254/Desktop/digit_design_exp/exp8/exp8.v Line: 45
Warning (13012): Latch display_panel:D|HEX2[5] has unsafe behavior File: C:/Users/44254/Desktop/digit_design_exp/exp8/display_panel.v Line: 23
    Warning (13013): Ports D and ENA on the latch are fed by the same signal data_out[7] File: C:/Users/44254/Desktop/digit_design_exp/exp8/exp8.v Line: 45
Warning (13012): Latch display_panel:D|HEX2[6] has unsafe behavior File: C:/Users/44254/Desktop/digit_design_exp/exp8/display_panel.v Line: 23
    Warning (13013): Ports D and ENA on the latch are fed by the same signal data_out[7] File: C:/Users/44254/Desktop/digit_design_exp/exp8/exp8.v Line: 45
Warning (13012): Latch display_panel:D|HEX3[0] has unsafe behavior File: C:/Users/44254/Desktop/digit_design_exp/exp8/display_panel.v Line: 23
    Warning (13013): Ports D and ENA on the latch are fed by the same signal data_out[7] File: C:/Users/44254/Desktop/digit_design_exp/exp8/exp8.v Line: 45
Warning (13012): Latch display_panel:D|HEX3[1] has unsafe behavior File: C:/Users/44254/Desktop/digit_design_exp/exp8/display_panel.v Line: 23
    Warning (13013): Ports D and ENA on the latch are fed by the same signal data_out[7] File: C:/Users/44254/Desktop/digit_design_exp/exp8/exp8.v Line: 45
Warning (13012): Latch display_panel:D|HEX3[2] has unsafe behavior File: C:/Users/44254/Desktop/digit_design_exp/exp8/display_panel.v Line: 23
    Warning (13013): Ports D and ENA on the latch are fed by the same signal data_out[7] File: C:/Users/44254/Desktop/digit_design_exp/exp8/exp8.v Line: 45
Warning (13012): Latch display_panel:D|HEX3[3] has unsafe behavior File: C:/Users/44254/Desktop/digit_design_exp/exp8/display_panel.v Line: 23
    Warning (13013): Ports D and ENA on the latch are fed by the same signal data_out[7] File: C:/Users/44254/Desktop/digit_design_exp/exp8/exp8.v Line: 45
Warning (13012): Latch display_panel:D|HEX3[4] has unsafe behavior File: C:/Users/44254/Desktop/digit_design_exp/exp8/display_panel.v Line: 23
    Warning (13013): Ports D and ENA on the latch are fed by the same signal data_out[7] File: C:/Users/44254/Desktop/digit_design_exp/exp8/exp8.v Line: 45
Warning (13012): Latch display_panel:D|HEX3[5] has unsafe behavior File: C:/Users/44254/Desktop/digit_design_exp/exp8/display_panel.v Line: 23
    Warning (13013): Ports D and ENA on the latch are fed by the same signal data_out[7] File: C:/Users/44254/Desktop/digit_design_exp/exp8/exp8.v Line: 45
Warning (13012): Latch display_panel:D|HEX3[6] has unsafe behavior File: C:/Users/44254/Desktop/digit_design_exp/exp8/display_panel.v Line: 23
    Warning (13013): Ports D and ENA on the latch are fed by the same signal data_out[7] File: C:/Users/44254/Desktop/digit_design_exp/exp8/exp8.v Line: 45
Info (286030): Timing-Driven Synthesis is running
Info (144001): Generated suppressed messages file C:/Users/44254/Desktop/digit_design_exp/exp8/output_files/exp8.map.smsg
Info (16010): Generating hard_block partition "hard_block:auto_generated_inst"
    Info (16011): Adding 0 node(s), including 0 DDIO, 0 PLL, 0 transceiver and 0 LCELL
Info (21057): Implemented 433 device resources after synthesis - the final resource count might be different
    Info (21058): Implemented 4 input pins
    Info (21059): Implemented 47 output pins
    Info (21061): Implemented 374 logic cells
    Info (21064): Implemented 8 RAM segments
Info: Quartus Prime Analysis & Synthesis was successful. 0 errors, 70 warnings
    Info: Peak virtual memory: 4848 megabytes
    Info: Processing ended: Mon Nov 23 20:55:33 2020
    Info: Elapsed time: 00:00:16
    Info: Total CPU time (on all processors): 00:00:30


+------------------------------------------+
; Analysis & Synthesis Suppressed Messages ;
+------------------------------------------+
The suppressed messages can be found in C:/Users/44254/Desktop/digit_design_exp/exp8/output_files/exp8.map.smsg.


